{"/home/kolam/svn/log4420-A2019/TravauxPratiques/TP3/Corrige/helpers/formatter.js":{"path":"/home/kolam/svn/log4420-A2019/TravauxPratiques/TP3/Corrige/helpers/formatter.js","statementMap":{"0":{"start":{"line":17,"column":15},"end":{"line":17,"column":32}},"1":{"start":{"line":19,"column":0},"end":{"line":22,"column":1}},"2":{"start":{"line":20,"column":27},"end":{"line":20,"column":55}},"3":{"start":{"line":21,"column":28},"end":{"line":21,"column":58}}},"fnMap":{"0":{"name":"(anonymous_0)","decl":{"start":{"line":20,"column":16},"end":{"line":20,"column":17}},"loc":{"start":{"line":20,"column":27},"end":{"line":20,"column":55}},"line":20},"1":{"name":"(anonymous_1)","decl":{"start":{"line":21,"column":17},"end":{"line":21,"column":18}},"loc":{"start":{"line":21,"column":28},"end":{"line":21,"column":58}},"line":21}},"branchMap":{},"s":{"0":0,"1":0,"2":0,"3":0},"f":{"0":0,"1":0},"b":{}},"/home/kolam/svn/log4420-A2019/TravauxPratiques/TP3/Corrige/routes/home.js":{"path":"/home/kolam/svn/log4420-A2019/TravauxPratiques/TP3/Corrige/routes/home.js","statementMap":{"0":{"start":{"line":17,"column":16},"end":{"line":17,"column":34}},"1":{"start":{"line":18,"column":15},"end":{"line":18,"column":31}},"2":{"start":{"line":19,"column":16},"end":{"line":19,"column":34}},"3":{"start":{"line":21,"column":15},"end":{"line":21,"column":32}},"4":{"start":{"line":23,"column":19},"end":{"line":30,"column":1}},"5":{"start":{"line":24,"column":15},"end":{"line":24,"column":30}},"6":{"start":{"line":25,"column":2},"end":{"line":27,"column":3}},"7":{"start":{"line":26,"column":4},"end":{"line":26,"column":23}},"8":{"start":{"line":29,"column":2},"end":{"line":29,"column":8}},"9":{"start":{"line":31,"column":27},"end":{"line":46,"column":1}},"10":{"start":{"line":32,"column":12},"end":{"line":32,"column":28}},"11":{"start":{"line":33,"column":14},"end":{"line":33,"column":56}},"12":{"start":{"line":34,"column":14},"end":{"line":34,"column":27}},"13":{"start":{"line":35,"column":2},"end":{"line":35,"column":68}},"14":{"start":{"line":36,"column":2},"end":{"line":45,"column":4}},"15":{"start":{"line":37,"column":4},"end":{"line":44,"column":5}},"16":{"start":{"line":38,"column":6},"end":{"line":38,"column":15}},"17":{"start":{"line":39,"column":11},"end":{"line":44,"column":5}},"18":{"start":{"line":40,"column":6},"end":{"line":40,"column":49}},"19":{"start":{"line":42,"column":6},"end":{"line":42,"column":34}},"20":{"start":{"line":43,"column":6},"end":{"line":43,"column":12}},"21":{"start":{"line":48,"column":0},"end":{"line":50,"column":2}},"22":{"start":{"line":49,"column":2},"end":{"line":49,"column":43}},"23":{"start":{"line":52,"column":0},"end":{"line":52,"column":23}}},"fnMap":{"0":{"name":"(anonymous_0)","decl":{"start":{"line":23,"column":19},"end":{"line":23,"column":20}},"loc":{"start":{"line":23,"column":39},"end":{"line":30,"column":1}},"line":23},"1":{"name":"(anonymous_1)","decl":{"start":{"line":31,"column":27},"end":{"line":31,"column":28}},"loc":{"start":{"line":31,"column":47},"end":{"line":46,"column":1}},"line":31},"2":{"name":"(anonymous_2)","decl":{"start":{"line":36,"column":24},"end":{"line":36,"column":25}},"loc":{"start":{"line":36,"column":53},"end":{"line":45,"column":3}},"line":36},"3":{"name":"(anonymous_3)","decl":{"start":{"line":48,"column":48},"end":{"line":48,"column":49}},"loc":{"start":{"line":48,"column":68},"end":{"line":50,"column":1}},"line":48}},"branchMap":{"0":{"loc":{"start":{"line":25,"column":2},"end":{"line":27,"column":3}},"type":"if","locations":[{"start":{"line":25,"column":2},"end":{"line":27,"column":3}},{"start":{"line":25,"column":2},"end":{"line":27,"column":3}}],"line":25},"1":{"loc":{"start":{"line":37,"column":4},"end":{"line":44,"column":5}},"type":"if","locations":[{"start":{"line":37,"column":4},"end":{"line":44,"column":5}},{"start":{"line":37,"column":4},"end":{"line":44,"column":5}}],"line":37},"2":{"loc":{"start":{"line":39,"column":11},"end":{"line":44,"column":5}},"type":"if","locations":[{"start":{"line":39,"column":11},"end":{"line":44,"column":5}},{"start":{"line":39,"column":11},"end":{"line":44,"column":5}}],"line":39}},"s":{"0":0,"1":0,"2":0,"3":0,"4":0,"5":0,"6":0,"7":0,"8":0,"9":0,"10":0,"11":0,"12":0,"13":0,"14":0,"15":0,"16":0,"17":0,"18":0,"19":0,"20":0,"21":0,"22":0,"23":0},"f":{"0":0,"1":0,"2":0,"3":0},"b":{"0":[0,0],"1":[0,0],"2":[0,0]}},"/home/kolam/svn/log4420-A2019/TravauxPratiques/TP3/Corrige/routes/index.js":{"path":"/home/kolam/svn/log4420-A2019/TravauxPratiques/TP3/Corrige/routes/index.js","statementMap":{"0":{"start":{"line":17,"column":16},"end":{"line":17,"column":34}},"1":{"start":{"line":18,"column":15},"end":{"line":18,"column":31}},"2":{"start":{"line":20,"column":0},"end":{"line":27,"column":1}},"3":{"start":{"line":21,"column":2},"end":{"line":21,"column":36}},"4":{"start":{"line":22,"column":2},"end":{"line":22,"column":40}},"5":{"start":{"line":23,"column":2},"end":{"line":23,"column":48}},"6":{"start":{"line":24,"column":2},"end":{"line":24,"column":56}},"7":{"start":{"line":26,"column":2},"end":{"line":26,"column":31}}},"fnMap":{"0":{"name":"(anonymous_0)","decl":{"start":{"line":20,"column":17},"end":{"line":20,"column":18}},"loc":{"start":{"line":20,"column":37},"end":{"line":27,"column":1}},"line":20}},"branchMap":{},"s":{"0":0,"1":0,"2":0,"3":0,"4":0,"5":0,"6":0,"7":0},"f":{"0":0},"b":{}},"/home/kolam/svn/log4420-A2019/TravauxPratiques/TP3/Corrige/routes/projects.js":{"path":"/home/kolam/svn/log4420-A2019/TravauxPratiques/TP3/Corrige/routes/projects.js","statementMap":{"0":{"start":{"line":17,"column":16},"end":{"line":17,"column":34}},"1":{"start":{"line":18,"column":15},"end":{"line":18,"column":31}},"2":{"start":{"line":19,"column":16},"end":{"line":19,"column":34}},"3":{"start":{"line":21,"column":0},"end":{"line":34,"column":2}},"4":{"start":{"line":22,"column":14},"end":{"line":22,"column":60}},"5":{"start":{"line":23,"column":14},"end":{"line":23,"column":27}},"6":{"start":{"line":24,"column":2},"end":{"line":24,"column":68}},"7":{"start":{"line":25,"column":2},"end":{"line":33,"column":4}},"8":{"start":{"line":26,"column":4},"end":{"line":32,"column":5}},"9":{"start":{"line":27,"column":6},"end":{"line":27,"column":15}},"10":{"start":{"line":28,"column":11},"end":{"line":32,"column":5}},"11":{"start":{"line":29,"column":6},"end":{"line":29,"column":46}},"12":{"start":{"line":31,"column":6},"end":{"line":31,"column":60}},"13":{"start":{"line":36,"column":0},"end":{"line":50,"column":2}},"14":{"start":{"line":37,"column":14},"end":{"line":37,"column":77}},"15":{"start":{"line":38,"column":14},"end":{"line":38,"column":27}},"16":{"start":{"line":39,"column":2},"end":{"line":39,"column":68}},"17":{"start":{"line":40,"column":2},"end":{"line":49,"column":4}},"18":{"start":{"line":41,"column":4},"end":{"line":48,"column":5}},"19":{"start":{"line":42,"column":6},"end":{"line":42,"column":15}},"20":{"start":{"line":43,"column":11},"end":{"line":48,"column":5}},"21":{"start":{"line":44,"column":6},"end":{"line":44,"column":46}},"22":{"start":{"line":46,"column":22},"end":{"line":46,"column":38}},"23":{"start":{"line":47,"column":6},"end":{"line":47,"column":93}},"24":{"start":{"line":52,"column":0},"end":{"line":52,"column":23}}},"fnMap":{"0":{"name":"(anonymous_0)","decl":{"start":{"line":21,"column":16},"end":{"line":21,"column":17}},"loc":{"start":{"line":21,"column":36},"end":{"line":34,"column":1}},"line":21},"1":{"name":"(anonymous_1)","decl":{"start":{"line":25,"column":24},"end":{"line":25,"column":25}},"loc":{"start":{"line":25,"column":53},"end":{"line":33,"column":3}},"line":25},"2":{"name":"(anonymous_2)","decl":{"start":{"line":36,"column":19},"end":{"line":36,"column":20}},"loc":{"start":{"line":36,"column":39},"end":{"line":50,"column":1}},"line":36},"3":{"name":"(anonymous_3)","decl":{"start":{"line":40,"column":24},"end":{"line":40,"column":25}},"loc":{"start":{"line":40,"column":53},"end":{"line":49,"column":3}},"line":40}},"branchMap":{"0":{"loc":{"start":{"line":26,"column":4},"end":{"line":32,"column":5}},"type":"if","locations":[{"start":{"line":26,"column":4},"end":{"line":32,"column":5}},{"start":{"line":26,"column":4},"end":{"line":32,"column":5}}],"line":26},"1":{"loc":{"start":{"line":28,"column":11},"end":{"line":32,"column":5}},"type":"if","locations":[{"start":{"line":28,"column":11},"end":{"line":32,"column":5}},{"start":{"line":28,"column":11},"end":{"line":32,"column":5}}],"line":28},"2":{"loc":{"start":{"line":41,"column":4},"end":{"line":48,"column":5}},"type":"if","locations":[{"start":{"line":41,"column":4},"end":{"line":48,"column":5}},{"start":{"line":41,"column":4},"end":{"line":48,"column":5}}],"line":41},"3":{"loc":{"start":{"line":43,"column":11},"end":{"line":48,"column":5}},"type":"if","locations":[{"start":{"line":43,"column":11},"end":{"line":48,"column":5}},{"start":{"line":43,"column":11},"end":{"line":48,"column":5}}],"line":43}},"s":{"0":0,"1":0,"2":0,"3":0,"4":0,"5":0,"6":0,"7":0,"8":0,"9":0,"10":0,"11":0,"12":0,"13":0,"14":0,"15":0,"16":0,"17":0,"18":0,"19":0,"20":0,"21":0,"22":0,"23":0,"24":0},"f":{"0":0,"1":0,"2":0,"3":0},"b":{"0":[0,0],"1":[0,0],"2":[0,0],"3":[0,0]}},"/home/kolam/svn/log4420-A2019/TravauxPratiques/TP3/Corrige/routes/publications.js":{"path":"/home/kolam/svn/log4420-A2019/TravauxPratiques/TP3/Corrige/routes/publications.js","statementMap":{"0":{"start":{"line":17,"column":16},"end":{"line":17,"column":34}},"1":{"start":{"line":18,"column":15},"end":{"line":18,"column":31}},"2":{"start":{"line":19,"column":15},"end":{"line":19,"column":32}},"3":{"start":{"line":20,"column":16},"end":{"line":20,"column":34}},"4":{"start":{"line":22,"column":26},"end":{"line":51,"column":1}},"5":{"start":{"line":23,"column":24},"end":{"line":23,"column":133}},"6":{"start":{"line":25,"column":16},"end":{"line":25,"column":102}},"7":{"start":{"line":26,"column":21},"end":{"line":26,"column":104}},"8":{"start":{"line":27,"column":17},"end":{"line":27,"column":77}},"9":{"start":{"line":28,"column":18},"end":{"line":28,"column":80}},"10":{"start":{"line":30,"column":24},"end":{"line":30,"column":62}},"11":{"start":{"line":32,"column":14},"end":{"line":32,"column":69}},"12":{"start":{"line":33,"column":14},"end":{"line":33,"column":27}},"13":{"start":{"line":34,"column":2},"end":{"line":34,"column":68}},"14":{"start":{"line":35,"column":2},"end":{"line":50,"column":4}},"15":{"start":{"line":36,"column":4},"end":{"line":49,"column":5}},"16":{"start":{"line":37,"column":6},"end":{"line":37,"column":15}},"17":{"start":{"line":39,"column":30},"end":{"line":39,"column":46}},"18":{"start":{"line":40,"column":6},"end":{"line":40,"column":35}},"19":{"start":{"line":41,"column":6},"end":{"line":41,"column":37}},"20":{"start":{"line":42,"column":6},"end":{"line":48,"column":8}},"21":{"start":{"line":53,"column":34},"end":{"line":83,"column":1}},"22":{"start":{"line":54,"column":12},"end":{"line":54,"column":28}},"23":{"start":{"line":56,"column":14},"end":{"line":56,"column":69}},"24":{"start":{"line":57,"column":14},"end":{"line":57,"column":27}},"25":{"start":{"line":58,"column":2},"end":{"line":58,"column":68}},"26":{"start":{"line":59,"column":2},"end":{"line":82,"column":4}},"27":{"start":{"line":65,"column":19},"end":{"line":65,"column":21}},"28":{"start":{"line":67,"column":4},"end":{"line":71,"column":5}},"29":{"start":{"line":68,"column":6},"end":{"line":68,"column":49}},"30":{"start":{"line":69,"column":11},"end":{"line":71,"column":5}},"31":{"start":{"line":70,"column":6},"end":{"line":70,"column":46}},"32":{"start":{"line":70,"column":31},"end":{"line":70,"column":45}},"33":{"start":{"line":73,"column":4},"end":{"line":73,"column":42}},"34":{"start":{"line":75,"column":20},"end":{"line":75,"column":76}},"35":{"start":{"line":76,"column":16},"end":{"line":76,"column":32}},"36":{"start":{"line":77,"column":26},"end":{"line":77,"column":57}},"37":{"start":{"line":78,"column":4},"end":{"line":78,"column":32}},"38":{"start":{"line":79,"column":4},"end":{"line":79,"column":30}},"39":{"start":{"line":81,"column":4},"end":{"line":81,"column":21}},"40":{"start":{"line":85,"column":0},"end":{"line":85,"column":34}},"41":{"start":{"line":86,"column":0},"end":{"line":86,"column":62}},"42":{"start":{"line":89,"column":2},"end":{"line":93,"column":3}},"43":{"start":{"line":90,"column":4},"end":{"line":90,"column":34}},"44":{"start":{"line":92,"column":4},"end":{"line":92,"column":12}},"45":{"start":{"line":96,"column":0},"end":{"line":96,"column":23}}},"fnMap":{"0":{"name":"(anonymous_0)","decl":{"start":{"line":22,"column":26},"end":{"line":22,"column":27}},"loc":{"start":{"line":22,"column":46},"end":{"line":51,"column":1}},"line":22},"1":{"name":"(anonymous_1)","decl":{"start":{"line":35,"column":24},"end":{"line":35,"column":25}},"loc":{"start":{"line":35,"column":53},"end":{"line":50,"column":3}},"line":35},"2":{"name":"(anonymous_2)","decl":{"start":{"line":53,"column":34},"end":{"line":53,"column":35}},"loc":{"start":{"line":53,"column":54},"end":{"line":83,"column":1}},"line":53},"3":{"name":"(anonymous_3)","decl":{"start":{"line":64,"column":5},"end":{"line":64,"column":6}},"loc":{"start":{"line":64,"column":34},"end":{"line":82,"column":3}},"line":64},"4":{"name":"(anonymous_4)","decl":{"start":{"line":70,"column":26},"end":{"line":70,"column":27}},"loc":{"start":{"line":70,"column":31},"end":{"line":70,"column":45}},"line":70},"5":{"name":"getNumberOfPages","decl":{"start":{"line":88,"column":9},"end":{"line":88,"column":25}},"loc":{"start":{"line":88,"column":40},"end":{"line":94,"column":1}},"line":88}},"branchMap":{"0":{"loc":{"start":{"line":23,"column":24},"end":{"line":23,"column":133}},"type":"cond-expr","locations":[{"start":{"line":23,"column":99},"end":{"line":23,"column":101}},{"start":{"line":23,"column":104},"end":{"line":23,"column":133}}],"line":23},"1":{"loc":{"start":{"line":23,"column":24},"end":{"line":23,"column":96}},"type":"binary-expr","locations":[{"start":{"line":23,"column":24},"end":{"line":23,"column":49}},{"start":{"line":23,"column":53},"end":{"line":23,"column":96}}],"line":23},"2":{"loc":{"start":{"line":25,"column":16},"end":{"line":25,"column":102}},"type":"cond-expr","locations":[{"start":{"line":25,"column":74},"end":{"line":25,"column":76}},{"start":{"line":25,"column":79},"end":{"line":25,"column":102}}],"line":25},"3":{"loc":{"start":{"line":25,"column":16},"end":{"line":25,"column":71}},"type":"binary-expr","locations":[{"start":{"line":25,"column":16},"end":{"line":25,"column":45}},{"start":{"line":25,"column":49},"end":{"line":25,"column":71}}],"line":25},"4":{"loc":{"start":{"line":26,"column":21},"end":{"line":26,"column":104}},"type":"cond-expr","locations":[{"start":{"line":26,"column":78},"end":{"line":26,"column":79}},{"start":{"line":26,"column":82},"end":{"line":26,"column":104}}],"line":26},"5":{"loc":{"start":{"line":26,"column":21},"end":{"line":26,"column":75}},"type":"binary-expr","locations":[{"start":{"line":26,"column":21},"end":{"line":26,"column":49}},{"start":{"line":26,"column":53},"end":{"line":26,"column":75}}],"line":26},"6":{"loc":{"start":{"line":27,"column":17},"end":{"line":27,"column":77}},"type":"cond-expr","locations":[{"start":{"line":27,"column":51},"end":{"line":27,"column":57}},{"start":{"line":27,"column":60},"end":{"line":27,"column":77}}],"line":27},"7":{"loc":{"start":{"line":28,"column":18},"end":{"line":28,"column":80}},"type":"cond-expr","locations":[{"start":{"line":28,"column":53},"end":{"line":28,"column":59}},{"start":{"line":28,"column":62},"end":{"line":28,"column":80}}],"line":28},"8":{"loc":{"start":{"line":36,"column":4},"end":{"line":49,"column":5}},"type":"if","locations":[{"start":{"line":36,"column":4},"end":{"line":49,"column":5}},{"start":{"line":36,"column":4},"end":{"line":49,"column":5}}],"line":36},"9":{"loc":{"start":{"line":67,"column":4},"end":{"line":71,"column":5}},"type":"if","locations":[{"start":{"line":67,"column":4},"end":{"line":71,"column":5}},{"start":{"line":67,"column":4},"end":{"line":71,"column":5}}],"line":67},"10":{"loc":{"start":{"line":69,"column":11},"end":{"line":71,"column":5}},"type":"if","locations":[{"start":{"line":69,"column":11},"end":{"line":71,"column":5}},{"start":{"line":69,"column":11},"end":{"line":71,"column":5}}],"line":69},"11":{"loc":{"start":{"line":89,"column":2},"end":{"line":93,"column":3}},"type":"if","locations":[{"start":{"line":89,"column":2},"end":{"line":93,"column":3}},{"start":{"line":89,"column":2},"end":{"line":93,"column":3}}],"line":89},"12":{"loc":{"start":{"line":89,"column":6},"end":{"line":89,"column":19}},"type":"binary-expr","locations":[{"start":{"line":89,"column":6},"end":{"line":89,"column":10}},{"start":{"line":89,"column":14},"end":{"line":89,"column":19}}],"line":89}},"s":{"0":0,"1":0,"2":0,"3":0,"4":0,"5":0,"6":0,"7":0,"8":0,"9":0,"10":0,"11":0,"12":0,"13":0,"14":0,"15":0,"16":0,"17":0,"18":0,"19":0,"20":0,"21":0,"22":0,"23":0,"24":0,"25":0,"26":0,"27":0,"28":0,"29":0,"30":0,"31":0,"32":0,"33":0,"34":0,"35":0,"36":0,"37":0,"38":0,"39":0,"40":0,"41":0,"42":0,"43":0,"44":0,"45":0},"f":{"0":0,"1":0,"2":0,"3":0,"4":0,"5":0},"b":{"0":[0,0],"1":[0,0],"2":[0,0],"3":[0,0],"4":[0,0],"5":[0,0],"6":[0,0],"7":[0,0],"8":[0,0],"9":[0,0],"10":[0,0],"11":[0,0],"12":[0,0]}},"/home/kolam/svn/log4420-A2019/TravauxPratiques/TP3/Corrige/routes/rest/feed.js":{"path":"/home/kolam/svn/log4420-A2019/TravauxPratiques/TP3/Corrige/routes/rest/feed.js","statementMap":{"0":{"start":{"line":17,"column":16},"end":{"line":17,"column":34}},"1":{"start":{"line":19,"column":0},"end":{"line":36,"column":1}},"2":{"start":{"line":20,"column":17},"end":{"line":20,"column":33}},"3":{"start":{"line":22,"column":2},"end":{"line":33,"column":4}},"4":{"start":{"line":23,"column":14},"end":{"line":23,"column":30}},"5":{"start":{"line":24,"column":16},"end":{"line":24,"column":26}},"6":{"start":{"line":25,"column":4},"end":{"line":32,"column":6}},"7":{"start":{"line":26,"column":6},"end":{"line":31,"column":7}},"8":{"start":{"line":27,"column":25},"end":{"line":27,"column":156}},"9":{"start":{"line":28,"column":8},"end":{"line":28,"column":54}},"10":{"start":{"line":30,"column":8},"end":{"line":30,"column":23}},"11":{"start":{"line":35,"column":2},"end":{"line":35,"column":15}}},"fnMap":{"0":{"name":"(anonymous_0)","decl":{"start":{"line":19,"column":17},"end":{"line":19,"column":18}},"loc":{"start":{"line":19,"column":32},"end":{"line":36,"column":1}},"line":19},"1":{"name":"(anonymous_1)","decl":{"start":{"line":22,"column":18},"end":{"line":22,"column":19}},"loc":{"start":{"line":22,"column":38},"end":{"line":33,"column":3}},"line":22},"2":{"name":"(anonymous_2)","decl":{"start":{"line":25,"column":51},"end":{"line":25,"column":52}},"loc":{"start":{"line":25,"column":67},"end":{"line":32,"column":5}},"line":25}},"branchMap":{"0":{"loc":{"start":{"line":26,"column":6},"end":{"line":31,"column":7}},"type":"if","locations":[{"start":{"line":26,"column":6},"end":{"line":31,"column":7}},{"start":{"line":26,"column":6},"end":{"line":31,"column":7}}],"line":26},"1":{"loc":{"start":{"line":27,"column":25},"end":{"line":27,"column":156}},"type":"cond-expr","locations":[{"start":{"line":27,"column":116},"end":{"line":27,"column":127}},{"start":{"line":27,"column":130},"end":{"line":27,"column":156}}],"line":27},"2":{"loc":{"start":{"line":27,"column":25},"end":{"line":27,"column":113}},"type":"binary-expr","locations":[{"start":{"line":27,"column":25},"end":{"line":27,"column":40}},{"start":{"line":27,"column":44},"end":{"line":27,"column":69}},{"start":{"line":27,"column":73},"end":{"line":27,"column":113}}],"line":27}},"s":{"0":0,"1":0,"2":0,"3":0,"4":0,"5":0,"6":0,"7":0,"8":0,"9":0,"10":0,"11":0},"f":{"0":0,"1":0,"2":0},"b":{"0":[0,0],"1":[0,0],"2":[0,0,0]}},"/home/kolam/svn/log4420-A2019/TravauxPratiques/TP3/Corrige/routes/rest/index.js":{"path":"/home/kolam/svn/log4420-A2019/TravauxPratiques/TP3/Corrige/routes/rest/index.js","statementMap":{"0":{"start":{"line":17,"column":16},"end":{"line":17,"column":34}},"1":{"start":{"line":18,"column":15},"end":{"line":18,"column":31}},"2":{"start":{"line":20,"column":0},"end":{"line":31,"column":1}},"3":{"start":{"line":21,"column":18},"end":{"line":21,"column":69}},"4":{"start":{"line":24,"column":2},"end":{"line":24,"column":54}},"5":{"start":{"line":25,"column":2},"end":{"line":25,"column":63}},"6":{"start":{"line":26,"column":2},"end":{"line":26,"column":88}},"7":{"start":{"line":27,"column":2},"end":{"line":27,"column":88}},"8":{"start":{"line":28,"column":2},"end":{"line":28,"column":78}},"9":{"start":{"line":30,"column":2},"end":{"line":30,"column":31}}},"fnMap":{"0":{"name":"(anonymous_0)","decl":{"start":{"line":20,"column":17},"end":{"line":20,"column":18}},"loc":{"start":{"line":20,"column":37},"end":{"line":31,"column":1}},"line":20}},"branchMap":{},"s":{"0":0,"1":0,"2":0,"3":0,"4":0,"5":0,"6":0,"7":0,"8":0,"9":0},"f":{"0":0},"b":{}},"/home/kolam/svn/log4420-A2019/TravauxPratiques/TP3/Corrige/routes/rest/members.js":{"path":"/home/kolam/svn/log4420-A2019/TravauxPratiques/TP3/Corrige/routes/rest/members.js","statementMap":{"0":{"start":{"line":17,"column":16},"end":{"line":17,"column":34}},"1":{"start":{"line":19,"column":0},"end":{"line":35,"column":1}},"2":{"start":{"line":20,"column":17},"end":{"line":20,"column":33}},"3":{"start":{"line":22,"column":2},"end":{"line":32,"column":4}},"4":{"start":{"line":23,"column":14},"end":{"line":23,"column":30}},"5":{"start":{"line":24,"column":4},"end":{"line":31,"column":6}},"6":{"start":{"line":25,"column":6},"end":{"line":30,"column":7}},"7":{"start":{"line":26,"column":25},"end":{"line":26,"column":160}},"8":{"start":{"line":27,"column":8},"end":{"line":27,"column":52}},"9":{"start":{"line":29,"column":8},"end":{"line":29,"column":25}},"10":{"start":{"line":34,"column":2},"end":{"line":34,"column":15}}},"fnMap":{"0":{"name":"(anonymous_0)","decl":{"start":{"line":19,"column":17},"end":{"line":19,"column":18}},"loc":{"start":{"line":19,"column":32},"end":{"line":35,"column":1}},"line":19},"1":{"name":"(anonymous_1)","decl":{"start":{"line":22,"column":18},"end":{"line":22,"column":19}},"loc":{"start":{"line":22,"column":38},"end":{"line":32,"column":3}},"line":22},"2":{"name":"(anonymous_2)","decl":{"start":{"line":24,"column":31},"end":{"line":24,"column":32}},"loc":{"start":{"line":24,"column":49},"end":{"line":31,"column":5}},"line":24}},"branchMap":{"0":{"loc":{"start":{"line":25,"column":6},"end":{"line":30,"column":7}},"type":"if","locations":[{"start":{"line":25,"column":6},"end":{"line":30,"column":7}},{"start":{"line":25,"column":6},"end":{"line":30,"column":7}}],"line":25},"1":{"loc":{"start":{"line":26,"column":25},"end":{"line":26,"column":160}},"type":"cond-expr","locations":[{"start":{"line":26,"column":118},"end":{"line":26,"column":129}},{"start":{"line":26,"column":132},"end":{"line":26,"column":160}}],"line":26},"2":{"loc":{"start":{"line":26,"column":25},"end":{"line":26,"column":115}},"type":"binary-expr","locations":[{"start":{"line":26,"column":25},"end":{"line":26,"column":40}},{"start":{"line":26,"column":44},"end":{"line":26,"column":69}},{"start":{"line":26,"column":73},"end":{"line":26,"column":115}}],"line":26}},"s":{"0":0,"1":0,"2":0,"3":0,"4":0,"5":0,"6":0,"7":0,"8":0,"9":0,"10":0},"f":{"0":0,"1":0,"2":0},"b":{"0":[0,0],"1":[0,0],"2":[0,0,0]}},"/home/kolam/svn/log4420-A2019/TravauxPratiques/TP3/Corrige/routes/rest/projects.js":{"path":"/home/kolam/svn/log4420-A2019/TravauxPratiques/TP3/Corrige/routes/rest/projects.js","statementMap":{"0":{"start":{"line":17,"column":16},"end":{"line":17,"column":34}},"1":{"start":{"line":18,"column":14},"end":{"line":18,"column":30}},"2":{"start":{"line":20,"column":0},"end":{"line":61,"column":1}},"3":{"start":{"line":21,"column":17},"end":{"line":21,"column":33}},"4":{"start":{"line":23,"column":2},"end":{"line":33,"column":4}},"5":{"start":{"line":24,"column":14},"end":{"line":24,"column":30}},"6":{"start":{"line":25,"column":4},"end":{"line":32,"column":6}},"7":{"start":{"line":26,"column":6},"end":{"line":31,"column":7}},"8":{"start":{"line":27,"column":25},"end":{"line":27,"column":162}},"9":{"start":{"line":28,"column":8},"end":{"line":28,"column":52}},"10":{"start":{"line":30,"column":8},"end":{"line":30,"column":26}},"11":{"start":{"line":35,"column":2},"end":{"line":58,"column":4}},"12":{"start":{"line":36,"column":17},"end":{"line":36,"column":36}},"13":{"start":{"line":37,"column":14},"end":{"line":37,"column":30}},"14":{"start":{"line":38,"column":15},"end":{"line":38,"column":28}},"15":{"start":{"line":39,"column":4},"end":{"line":57,"column":6}},"16":{"start":{"line":41,"column":68},"end":{"line":41,"column":139}},"17":{"start":{"line":43,"column":6},"end":{"line":56,"column":7}},"18":{"start":{"line":44,"column":8},"end":{"line":50,"column":9}},"19":{"start":{"line":45,"column":27},"end":{"line":45,"column":170}},"20":{"start":{"line":46,"column":10},"end":{"line":46,"column":59}},"21":{"start":{"line":48,"column":27},"end":{"line":48,"column":162}},"22":{"start":{"line":49,"column":10},"end":{"line":49,"column":54}},"23":{"start":{"line":52,"column":8},"end":{"line":55,"column":10}},"24":{"start":{"line":60,"column":2},"end":{"line":60,"column":15}}},"fnMap":{"0":{"name":"(anonymous_0)","decl":{"start":{"line":20,"column":17},"end":{"line":20,"column":18}},"loc":{"start":{"line":20,"column":58},"end":{"line":61,"column":1}},"line":20},"1":{"name":"(anonymous_1)","decl":{"start":{"line":23,"column":18},"end":{"line":23,"column":19}},"loc":{"start":{"line":23,"column":38},"end":{"line":33,"column":3}},"line":23},"2":{"name":"(anonymous_2)","decl":{"start":{"line":25,"column":53},"end":{"line":25,"column":54}},"loc":{"start":{"line":25,"column":72},"end":{"line":32,"column":5}},"line":25},"3":{"name":"(anonymous_3)","decl":{"start":{"line":35,"column":21},"end":{"line":35,"column":22}},"loc":{"start":{"line":35,"column":41},"end":{"line":58,"column":3}},"line":35},"4":{"name":"(anonymous_4)","decl":{"start":{"line":41,"column":45},"end":{"line":41,"column":46}},"loc":{"start":{"line":41,"column":68},"end":{"line":41,"column":139}},"line":41},"5":{"name":"(anonymous_5)","decl":{"start":{"line":42,"column":7},"end":{"line":42,"column":8}},"loc":{"start":{"line":42,"column":25},"end":{"line":57,"column":5}},"line":42}},"branchMap":{"0":{"loc":{"start":{"line":26,"column":6},"end":{"line":31,"column":7}},"type":"if","locations":[{"start":{"line":26,"column":6},"end":{"line":31,"column":7}},{"start":{"line":26,"column":6},"end":{"line":31,"column":7}}],"line":26},"1":{"loc":{"start":{"line":27,"column":25},"end":{"line":27,"column":162}},"type":"cond-expr","locations":[{"start":{"line":27,"column":119},"end":{"line":27,"column":130}},{"start":{"line":27,"column":133},"end":{"line":27,"column":162}}],"line":27},"2":{"loc":{"start":{"line":27,"column":25},"end":{"line":27,"column":116}},"type":"binary-expr","locations":[{"start":{"line":27,"column":25},"end":{"line":27,"column":40}},{"start":{"line":27,"column":44},"end":{"line":27,"column":69}},{"start":{"line":27,"column":73},"end":{"line":27,"column":116}}],"line":27},"3":{"loc":{"start":{"line":43,"column":6},"end":{"line":56,"column":7}},"type":"if","locations":[{"start":{"line":43,"column":6},"end":{"line":56,"column":7}},{"start":{"line":43,"column":6},"end":{"line":56,"column":7}}],"line":43},"4":{"loc":{"start":{"line":44,"column":8},"end":{"line":50,"column":9}},"type":"if","locations":[{"start":{"line":44,"column":8},"end":{"line":50,"column":9}},{"start":{"line":44,"column":8},"end":{"line":50,"column":9}}],"line":44},"5":{"loc":{"start":{"line":45,"column":27},"end":{"line":45,"column":170}},"type":"cond-expr","locations":[{"start":{"line":45,"column":124},"end":{"line":45,"column":135}},{"start":{"line":45,"column":138},"end":{"line":45,"column":170}}],"line":45},"6":{"loc":{"start":{"line":45,"column":27},"end":{"line":45,"column":121}},"type":"binary-expr","locations":[{"start":{"line":45,"column":27},"end":{"line":45,"column":42}},{"start":{"line":45,"column":46},"end":{"line":45,"column":71}},{"start":{"line":45,"column":75},"end":{"line":45,"column":121}}],"line":45},"7":{"loc":{"start":{"line":48,"column":27},"end":{"line":48,"column":162}},"type":"cond-expr","locations":[{"start":{"line":48,"column":120},"end":{"line":48,"column":131}},{"start":{"line":48,"column":134},"end":{"line":48,"column":162}}],"line":48},"8":{"loc":{"start":{"line":48,"column":27},"end":{"line":48,"column":117}},"type":"binary-expr","locations":[{"start":{"line":48,"column":27},"end":{"line":48,"column":42}},{"start":{"line":48,"column":46},"end":{"line":48,"column":71}},{"start":{"line":48,"column":75},"end":{"line":48,"column":117}}],"line":48}},"s":{"0":0,"1":0,"2":0,"3":0,"4":0,"5":0,"6":0,"7":0,"8":0,"9":0,"10":0,"11":0,"12":0,"13":0,"14":0,"15":0,"16":0,"17":0,"18":0,"19":0,"20":0,"21":0,"22":0,"23":0,"24":0},"f":{"0":0,"1":0,"2":0,"3":0,"4":0,"5":0},"b":{"0":[0,0],"1":[0,0],"2":[0,0,0],"3":[0,0],"4":[0,0],"5":[0,0],"6":[0,0,0],"7":[0,0],"8":[0,0,0]}},"/home/kolam/svn/log4420-A2019/TravauxPratiques/TP3/Corrige/routes/rest/publications.js":{"path":"/home/kolam/svn/log4420-A2019/TravauxPratiques/TP3/Corrige/routes/rest/publications.js","statementMap":{"0":{"start":{"line":17,"column":16},"end":{"line":17,"column":34}},"1":{"start":{"line":18,"column":14},"end":{"line":18,"column":30}},"2":{"start":{"line":20,"column":38},"end":{"line":57,"column":1}},"3":{"start":{"line":20,"column":43},"end":{"line":57,"column":1}},"4":{"start":{"line":21,"column":14},"end":{"line":21,"column":16}},"5":{"start":{"line":23,"column":2},"end":{"line":54,"column":3}},"6":{"start":{"line":24,"column":4},"end":{"line":24,"column":51}},"7":{"start":{"line":26,"column":4},"end":{"line":30,"column":5}},"8":{"start":{"line":28,"column":47},"end":{"line":28,"column":61}},"9":{"start":{"line":29,"column":6},"end":{"line":29,"column":48}},"10":{"start":{"line":32,"column":4},"end":{"line":36,"column":5}},"11":{"start":{"line":33,"column":6},"end":{"line":33,"column":48}},"12":{"start":{"line":35,"column":6},"end":{"line":35,"column":67}},"13":{"start":{"line":38,"column":27},"end":{"line":38,"column":48}},"14":{"start":{"line":39,"column":4},"end":{"line":45,"column":5}},"15":{"start":{"line":42,"column":6},"end":{"line":42,"column":47}},"16":{"start":{"line":44,"column":6},"end":{"line":44,"column":73}},"17":{"start":{"line":47,"column":4},"end":{"line":49,"column":5}},"18":{"start":{"line":48,"column":6},"end":{"line":48,"column":55}},"19":{"start":{"line":51,"column":4},"end":{"line":53,"column":5}},"20":{"start":{"line":52,"column":6},"end":{"line":52,"column":57}},"21":{"start":{"line":56,"column":2},"end":{"line":56,"column":12}},"22":{"start":{"line":59,"column":0},"end":{"line":134,"column":1}},"23":{"start":{"line":60,"column":17},"end":{"line":60,"column":33}},"24":{"start":{"line":62,"column":2},"end":{"line":91,"column":4}},"25":{"start":{"line":63,"column":14},"end":{"line":63,"column":30}},"26":{"start":{"line":65,"column":18},"end":{"line":65,"column":104}},"27":{"start":{"line":66,"column":23},"end":{"line":66,"column":106}},"28":{"start":{"line":67,"column":19},"end":{"line":67,"column":79}},"29":{"start":{"line":68,"column":20},"end":{"line":68,"column":82}},"30":{"start":{"line":70,"column":20},"end":{"line":70,"column":22}},"31":{"start":{"line":71,"column":4},"end":{"line":76,"column":5}},"32":{"start":{"line":72,"column":6},"end":{"line":72,"column":37}},"33":{"start":{"line":73,"column":6},"end":{"line":73,"column":38}},"34":{"start":{"line":75,"column":6},"end":{"line":75,"column":37}},"35":{"start":{"line":78,"column":26},"end":{"line":78,"column":56}},"36":{"start":{"line":80,"column":4},"end":{"line":90,"column":6}},"37":{"start":{"line":84,"column":6},"end":{"line":89,"column":7}},"38":{"start":{"line":85,"column":25},"end":{"line":85,"column":154}},"39":{"start":{"line":86,"column":8},"end":{"line":86,"column":54}},"40":{"start":{"line":88,"column":8},"end":{"line":88,"column":60}},"41":{"start":{"line":93,"column":2},"end":{"line":114,"column":4}},"42":{"start":{"line":94,"column":14},"end":{"line":94,"column":30}},"43":{"start":{"line":96,"column":19},"end":{"line":96,"column":61}},"44":{"start":{"line":98,"column":4},"end":{"line":113,"column":5}},"45":{"start":{"line":99,"column":6},"end":{"line":110,"column":8}},"46":{"start":{"line":100,"column":8},"end":{"line":109,"column":9}},"47":{"start":{"line":101,"column":27},"end":{"line":101,"column":168}},"48":{"start":{"line":102,"column":10},"end":{"line":102,"column":56}},"49":{"start":{"line":104,"column":29},"end":{"line":104,"column":31}},"50":{"start":{"line":105,"column":10},"end":{"line":107,"column":11}},"51":{"start":{"line":106,"column":12},"end":{"line":106,"column":55}},"52":{"start":{"line":108,"column":10},"end":{"line":108,"column":42}},"53":{"start":{"line":112,"column":6},"end":{"line":112,"column":38}},"54":{"start":{"line":116,"column":2},"end":{"line":131,"column":4}},"55":{"start":{"line":117,"column":14},"end":{"line":117,"column":30}},"56":{"start":{"line":118,"column":15},"end":{"line":118,"column":28}},"57":{"start":{"line":119,"column":4},"end":{"line":130,"column":6}},"58":{"start":{"line":120,"column":6},"end":{"line":129,"column":7}},"59":{"start":{"line":121,"column":25},"end":{"line":121,"column":166}},"60":{"start":{"line":122,"column":8},"end":{"line":126,"column":9}},"61":{"start":{"line":123,"column":10},"end":{"line":123,"column":56}},"62":{"start":{"line":125,"column":10},"end":{"line":125,"column":56}},"63":{"start":{"line":128,"column":8},"end":{"line":128,"column":24}},"64":{"start":{"line":133,"column":2},"end":{"line":133,"column":15}}},"fnMap":{"0":{"name":"(anonymous_0)","decl":{"start":{"line":20,"column":38},"end":{"line":20,"column":39}},"loc":{"start":{"line":20,"column":43},"end":{"line":57,"column":1}},"line":20},"1":{"name":"(anonymous_1)","decl":{"start":{"line":20,"column":43},"end":{"line":20,"column":44}},"loc":{"start":{"line":20,"column":66},"end":{"line":57,"column":1}},"line":20},"2":{"name":"(anonymous_2)","decl":{"start":{"line":28,"column":42},"end":{"line":28,"column":43}},"loc":{"start":{"line":28,"column":47},"end":{"line":28,"column":61}},"line":28},"3":{"name":"(anonymous_3)","decl":{"start":{"line":59,"column":17},"end":{"line":59,"column":18}},"loc":{"start":{"line":59,"column":39},"end":{"line":134,"column":1}},"line":59},"4":{"name":"(anonymous_4)","decl":{"start":{"line":62,"column":18},"end":{"line":62,"column":19}},"loc":{"start":{"line":62,"column":38},"end":{"line":91,"column":3}},"line":62},"5":{"name":"(anonymous_5)","decl":{"start":{"line":83,"column":7},"end":{"line":83,"column":8}},"loc":{"start":{"line":83,"column":51},"end":{"line":90,"column":5}},"line":83},"6":{"name":"(anonymous_6)","decl":{"start":{"line":93,"column":19},"end":{"line":93,"column":20}},"loc":{"start":{"line":93,"column":39},"end":{"line":114,"column":3}},"line":93},"7":{"name":"(anonymous_7)","decl":{"start":{"line":99,"column":53},"end":{"line":99,"column":54}},"loc":{"start":{"line":99,"column":72},"end":{"line":110,"column":7}},"line":99},"8":{"name":"(anonymous_8)","decl":{"start":{"line":116,"column":24},"end":{"line":116,"column":25}},"loc":{"start":{"line":116,"column":44},"end":{"line":131,"column":3}},"line":116},"9":{"name":"(anonymous_9)","decl":{"start":{"line":119,"column":45},"end":{"line":119,"column":46}},"loc":{"start":{"line":119,"column":68},"end":{"line":130,"column":5}},"line":119}},"branchMap":{"0":{"loc":{"start":{"line":23,"column":2},"end":{"line":54,"column":3}},"type":"if","locations":[{"start":{"line":23,"column":2},"end":{"line":54,"column":3}},{"start":{"line":23,"column":2},"end":{"line":54,"column":3}}],"line":23},"1":{"loc":{"start":{"line":23,"column":6},"end":{"line":23,"column":69}},"type":"binary-expr","locations":[{"start":{"line":23,"column":6},"end":{"line":23,"column":39}},{"start":{"line":23,"column":43},"end":{"line":23,"column":69}}],"line":23},"2":{"loc":{"start":{"line":26,"column":4},"end":{"line":30,"column":5}},"type":"if","locations":[{"start":{"line":26,"column":4},"end":{"line":30,"column":5}},{"start":{"line":26,"column":4},"end":{"line":30,"column":5}}],"line":26},"3":{"loc":{"start":{"line":26,"column":8},"end":{"line":28,"column":62}},"type":"binary-expr","locations":[{"start":{"line":26,"column":8},"end":{"line":26,"column":49}},{"start":{"line":27,"column":8},"end":{"line":27,"column":48}},{"start":{"line":28,"column":8},"end":{"line":28,"column":62}}],"line":26},"4":{"loc":{"start":{"line":32,"column":4},"end":{"line":36,"column":5}},"type":"if","locations":[{"start":{"line":32,"column":4},"end":{"line":36,"column":5}},{"start":{"line":32,"column":4},"end":{"line":36,"column":5}}],"line":32},"5":{"loc":{"start":{"line":32,"column":8},"end":{"line":32,"column":91}},"type":"binary-expr","locations":[{"start":{"line":32,"column":8},"end":{"line":32,"column":46}},{"start":{"line":32,"column":50},"end":{"line":32,"column":91}}],"line":32},"6":{"loc":{"start":{"line":39,"column":4},"end":{"line":45,"column":5}},"type":"if","locations":[{"start":{"line":39,"column":4},"end":{"line":45,"column":5}},{"start":{"line":39,"column":4},"end":{"line":45,"column":5}}],"line":39},"7":{"loc":{"start":{"line":39,"column":8},"end":{"line":41,"column":69}},"type":"binary-expr","locations":[{"start":{"line":39,"column":8},"end":{"line":39,"column":47}},{"start":{"line":40,"column":8},"end":{"line":40,"column":50}},{"start":{"line":41,"column":8},"end":{"line":41,"column":69}}],"line":39},"8":{"loc":{"start":{"line":47,"column":4},"end":{"line":49,"column":5}},"type":"if","locations":[{"start":{"line":47,"column":4},"end":{"line":49,"column":5}},{"start":{"line":47,"column":4},"end":{"line":49,"column":5}}],"line":47},"9":{"loc":{"start":{"line":47,"column":8},"end":{"line":47,"column":94}},"type":"binary-expr","locations":[{"start":{"line":47,"column":8},"end":{"line":47,"column":47}},{"start":{"line":47,"column":51},"end":{"line":47,"column":94}}],"line":47},"10":{"loc":{"start":{"line":51,"column":4},"end":{"line":53,"column":5}},"type":"if","locations":[{"start":{"line":51,"column":4},"end":{"line":53,"column":5}},{"start":{"line":51,"column":4},"end":{"line":53,"column":5}}],"line":51},"11":{"loc":{"start":{"line":51,"column":8},"end":{"line":51,"column":94}},"type":"binary-expr","locations":[{"start":{"line":51,"column":8},"end":{"line":51,"column":47}},{"start":{"line":51,"column":51},"end":{"line":51,"column":94}}],"line":51},"12":{"loc":{"start":{"line":65,"column":18},"end":{"line":65,"column":104}},"type":"cond-expr","locations":[{"start":{"line":65,"column":76},"end":{"line":65,"column":78}},{"start":{"line":65,"column":81},"end":{"line":65,"column":104}}],"line":65},"13":{"loc":{"start":{"line":65,"column":18},"end":{"line":65,"column":73}},"type":"binary-expr","locations":[{"start":{"line":65,"column":18},"end":{"line":65,"column":47}},{"start":{"line":65,"column":51},"end":{"line":65,"column":73}}],"line":65},"14":{"loc":{"start":{"line":66,"column":23},"end":{"line":66,"column":106}},"type":"cond-expr","locations":[{"start":{"line":66,"column":80},"end":{"line":66,"column":81}},{"start":{"line":66,"column":84},"end":{"line":66,"column":106}}],"line":66},"15":{"loc":{"start":{"line":66,"column":23},"end":{"line":66,"column":77}},"type":"binary-expr","locations":[{"start":{"line":66,"column":23},"end":{"line":66,"column":51}},{"start":{"line":66,"column":55},"end":{"line":66,"column":77}}],"line":66},"16":{"loc":{"start":{"line":67,"column":19},"end":{"line":67,"column":79}},"type":"cond-expr","locations":[{"start":{"line":67,"column":53},"end":{"line":67,"column":59}},{"start":{"line":67,"column":62},"end":{"line":67,"column":79}}],"line":67},"17":{"loc":{"start":{"line":68,"column":20},"end":{"line":68,"column":82}},"type":"cond-expr","locations":[{"start":{"line":68,"column":55},"end":{"line":68,"column":61}},{"start":{"line":68,"column":64},"end":{"line":68,"column":82}}],"line":68},"18":{"loc":{"start":{"line":71,"column":4},"end":{"line":76,"column":5}},"type":"if","locations":[{"start":{"line":71,"column":4},"end":{"line":76,"column":5}},{"start":{"line":71,"column":4},"end":{"line":76,"column":5}}],"line":71},"19":{"loc":{"start":{"line":84,"column":6},"end":{"line":89,"column":7}},"type":"if","locations":[{"start":{"line":84,"column":6},"end":{"line":89,"column":7}},{"start":{"line":84,"column":6},"end":{"line":89,"column":7}}],"line":84},"20":{"loc":{"start":{"line":85,"column":25},"end":{"line":85,"column":154}},"type":"cond-expr","locations":[{"start":{"line":85,"column":115},"end":{"line":85,"column":126}},{"start":{"line":85,"column":129},"end":{"line":85,"column":154}}],"line":85},"21":{"loc":{"start":{"line":85,"column":25},"end":{"line":85,"column":112}},"type":"binary-expr","locations":[{"start":{"line":85,"column":25},"end":{"line":85,"column":40}},{"start":{"line":85,"column":44},"end":{"line":85,"column":69}},{"start":{"line":85,"column":73},"end":{"line":85,"column":112}}],"line":85},"22":{"loc":{"start":{"line":98,"column":4},"end":{"line":113,"column":5}},"type":"if","locations":[{"start":{"line":98,"column":4},"end":{"line":113,"column":5}},{"start":{"line":98,"column":4},"end":{"line":113,"column":5}}],"line":98},"23":{"loc":{"start":{"line":100,"column":8},"end":{"line":109,"column":9}},"type":"if","locations":[{"start":{"line":100,"column":8},"end":{"line":109,"column":9}},{"start":{"line":100,"column":8},"end":{"line":109,"column":9}}],"line":100},"24":{"loc":{"start":{"line":101,"column":27},"end":{"line":101,"column":168}},"type":"cond-expr","locations":[{"start":{"line":101,"column":123},"end":{"line":101,"column":134}},{"start":{"line":101,"column":137},"end":{"line":101,"column":168}}],"line":101},"25":{"loc":{"start":{"line":101,"column":27},"end":{"line":101,"column":120}},"type":"binary-expr","locations":[{"start":{"line":101,"column":27},"end":{"line":101,"column":42}},{"start":{"line":101,"column":46},"end":{"line":101,"column":71}},{"start":{"line":101,"column":75},"end":{"line":101,"column":120}}],"line":101},"26":{"loc":{"start":{"line":105,"column":10},"end":{"line":107,"column":11}},"type":"if","locations":[{"start":{"line":105,"column":10},"end":{"line":107,"column":11}},{"start":{"line":105,"column":10},"end":{"line":107,"column":11}}],"line":105},"27":{"loc":{"start":{"line":105,"column":14},"end":{"line":105,"column":71}},"type":"binary-expr","locations":[{"start":{"line":105,"column":14},"end":{"line":105,"column":35}},{"start":{"line":105,"column":39},"end":{"line":105,"column":71}}],"line":105},"28":{"loc":{"start":{"line":120,"column":6},"end":{"line":129,"column":7}},"type":"if","locations":[{"start":{"line":120,"column":6},"end":{"line":129,"column":7}},{"start":{"line":120,"column":6},"end":{"line":129,"column":7}}],"line":120},"29":{"loc":{"start":{"line":121,"column":25},"end":{"line":121,"column":166}},"type":"cond-expr","locations":[{"start":{"line":121,"column":121},"end":{"line":121,"column":132}},{"start":{"line":121,"column":135},"end":{"line":121,"column":166}}],"line":121},"30":{"loc":{"start":{"line":121,"column":25},"end":{"line":121,"column":118}},"type":"binary-expr","locations":[{"start":{"line":121,"column":25},"end":{"line":121,"column":40}},{"start":{"line":121,"column":44},"end":{"line":121,"column":69}},{"start":{"line":121,"column":73},"end":{"line":121,"column":118}}],"line":121},"31":{"loc":{"start":{"line":122,"column":8},"end":{"line":126,"column":9}},"type":"if","locations":[{"start":{"line":122,"column":8},"end":{"line":126,"column":9}},{"start":{"line":122,"column":8},"end":{"line":126,"column":9}}],"line":122}},"s":{"0":0,"1":0,"2":0,"3":0,"4":0,"5":0,"6":0,"7":0,"8":0,"9":0,"10":0,"11":0,"12":0,"13":0,"14":0,"15":0,"16":0,"17":0,"18":0,"19":0,"20":0,"21":0,"22":0,"23":0,"24":0,"25":0,"26":0,"27":0,"28":0,"29":0,"30":0,"31":0,"32":0,"33":0,"34":0,"35":0,"36":0,"37":0,"38":0,"39":0,"40":0,"41":0,"42":0,"43":0,"44":0,"45":0,"46":0,"47":0,"48":0,"49":0,"50":0,"51":0,"52":0,"53":0,"54":0,"55":0,"56":0,"57":0,"58":0,"59":0,"60":0,"61":0,"62":0,"63":0,"64":0},"f":{"0":0,"1":0,"2":0,"3":0,"4":0,"5":0,"6":0,"7":0,"8":0,"9":0},"b":{"0":[0,0],"1":[0,0],"2":[0,0],"3":[0,0,0],"4":[0,0],"5":[0,0],"6":[0,0],"7":[0,0,0],"8":[0,0],"9":[0,0],"10":[0,0],"11":[0,0],"12":[0,0],"13":[0,0],"14":[0,0],"15":[0,0],"16":[0,0],"17":[0,0],"18":[0,0],"19":[0,0],"20":[0,0],"21":[0,0,0],"22":[0,0],"23":[0,0],"24":[0,0],"25":[0,0,0],"26":[0,0],"27":[0,0],"28":[0,0],"29":[0,0],"30":[0,0,0],"31":[0,0]}},"/home/kolam/svn/log4420-A2019/TravauxPratiques/TP3/Corrige/routes/team.js":{"path":"/home/kolam/svn/log4420-A2019/TravauxPratiques/TP3/Corrige/routes/team.js","statementMap":{"0":{"start":{"line":17,"column":16},"end":{"line":17,"column":34}},"1":{"start":{"line":18,"column":15},"end":{"line":18,"column":31}},"2":{"start":{"line":19,"column":16},"end":{"line":19,"column":34}},"3":{"start":{"line":21,"column":0},"end":{"line":37,"column":2}},"4":{"start":{"line":22,"column":12},"end":{"line":22,"column":28}},"5":{"start":{"line":24,"column":14},"end":{"line":24,"column":59}},"6":{"start":{"line":25,"column":14},"end":{"line":25,"column":27}},"7":{"start":{"line":26,"column":2},"end":{"line":26,"column":68}},"8":{"start":{"line":27,"column":2},"end":{"line":36,"column":4}},"9":{"start":{"line":28,"column":4},"end":{"line":35,"column":5}},"10":{"start":{"line":29,"column":6},"end":{"line":29,"column":15}},"11":{"start":{"line":30,"column":11},"end":{"line":35,"column":5}},"12":{"start":{"line":31,"column":6},"end":{"line":31,"column":51}},"13":{"start":{"line":33,"column":22},"end":{"line":33,"column":38}},"14":{"start":{"line":34,"column":6},"end":{"line":34,"column":37}},"15":{"start":{"line":39,"column":0},"end":{"line":39,"column":23}}},"fnMap":{"0":{"name":"(anonymous_0)","decl":{"start":{"line":21,"column":16},"end":{"line":21,"column":17}},"loc":{"start":{"line":21,"column":36},"end":{"line":37,"column":1}},"line":21},"1":{"name":"(anonymous_1)","decl":{"start":{"line":27,"column":24},"end":{"line":27,"column":25}},"loc":{"start":{"line":27,"column":53},"end":{"line":36,"column":3}},"line":27}},"branchMap":{"0":{"loc":{"start":{"line":28,"column":4},"end":{"line":35,"column":5}},"type":"if","locations":[{"start":{"line":28,"column":4},"end":{"line":35,"column":5}},{"start":{"line":28,"column":4},"end":{"line":35,"column":5}}],"line":28},"1":{"loc":{"start":{"line":30,"column":11},"end":{"line":35,"column":5}},"type":"if","locations":[{"start":{"line":30,"column":11},"end":{"line":35,"column":5}},{"start":{"line":30,"column":11},"end":{"line":35,"column":5}}],"line":30}},"s":{"0":0,"1":0,"2":0,"3":0,"4":0,"5":0,"6":0,"7":0,"8":0,"9":0,"10":0,"11":0,"12":0,"13":0,"14":0,"15":0},"f":{"0":0,"1":0},"b":{"0":[0,0],"1":[0,0]}},"/home/kolam/svn/log4420-A2019/TravauxPratiques/TP3/Corrige/services/feed.js":{"path":"/home/kolam/svn/log4420-A2019/TravauxPratiques/TP3/Corrige/services/feed.js","statementMap":{"0":{"start":{"line":17,"column":14},"end":{"line":17,"column":30}},"1":{"start":{"line":36,"column":17},"end":{"line":46,"column":1}},"2":{"start":{"line":36,"column":32},"end":{"line":46,"column":1}},"3":{"start":{"line":36,"column":50},"end":{"line":46,"column":1}},"4":{"start":{"line":36,"column":62},"end":{"line":46,"column":1}},"5":{"start":{"line":36,"column":74},"end":{"line":46,"column":1}},"6":{"start":{"line":37,"column":23},"end":{"line":37,"column":90}},"7":{"start":{"line":39,"column":2},"end":{"line":45,"column":4}},"8":{"start":{"line":40,"column":4},"end":{"line":44,"column":5}},"9":{"start":{"line":41,"column":6},"end":{"line":41,"column":25}},"10":{"start":{"line":43,"column":6},"end":{"line":43,"column":53}},"11":{"start":{"line":56,"column":37},"end":{"line":61,"column":1}},"12":{"start":{"line":57,"column":16},"end":{"line":59,"column":50}},"13":{"start":{"line":58,"column":42},"end":{"line":58,"column":73}},"14":{"start":{"line":59,"column":22},"end":{"line":59,"column":49}},"15":{"start":{"line":60,"column":2},"end":{"line":60,"column":23}},"16":{"start":{"line":63,"column":0},"end":{"line":67,"column":1}},"17":{"start":{"line":64,"column":2},"end":{"line":66,"column":3}}},"fnMap":{"0":{"name":"(anonymous_0)","decl":{"start":{"line":36,"column":17},"end":{"line":36,"column":18}},"loc":{"start":{"line":36,"column":32},"end":{"line":46,"column":1}},"line":36},"1":{"name":"(anonymous_1)","decl":{"start":{"line":36,"column":32},"end":{"line":36,"column":33}},"loc":{"start":{"line":36,"column":50},"end":{"line":46,"column":1}},"line":36},"2":{"name":"(anonymous_2)","decl":{"start":{"line":36,"column":50},"end":{"line":36,"column":51}},"loc":{"start":{"line":36,"column":62},"end":{"line":46,"column":1}},"line":36},"3":{"name":"(anonymous_3)","decl":{"start":{"line":36,"column":62},"end":{"line":36,"column":63}},"loc":{"start":{"line":36,"column":74},"end":{"line":46,"column":1}},"line":36},"4":{"name":"(anonymous_4)","decl":{"start":{"line":36,"column":74},"end":{"line":36,"column":75}},"loc":{"start":{"line":36,"column":86},"end":{"line":46,"column":1}},"line":36},"5":{"name":"(anonymous_5)","decl":{"start":{"line":39,"column":102},"end":{"line":39,"column":103}},"loc":{"start":{"line":39,"column":120},"end":{"line":45,"column":3}},"line":39},"6":{"name":"(anonymous_6)","decl":{"start":{"line":56,"column":37},"end":{"line":56,"column":38}},"loc":{"start":{"line":56,"column":60},"end":{"line":61,"column":1}},"line":56},"7":{"name":"(anonymous_7)","decl":{"start":{"line":58,"column":12},"end":{"line":58,"column":13}},"loc":{"start":{"line":58,"column":42},"end":{"line":58,"column":73}},"line":58},"8":{"name":"(anonymous_8)","decl":{"start":{"line":59,"column":10},"end":{"line":59,"column":11}},"loc":{"start":{"line":59,"column":22},"end":{"line":59,"column":49}},"line":59},"9":{"name":"(anonymous_9)","decl":{"start":{"line":63,"column":17},"end":{"line":63,"column":18}},"loc":{"start":{"line":63,"column":50},"end":{"line":67,"column":1}},"line":63}},"branchMap":{"0":{"loc":{"start":{"line":40,"column":4},"end":{"line":44,"column":5}},"type":"if","locations":[{"start":{"line":40,"column":4},"end":{"line":44,"column":5}},{"start":{"line":40,"column":4},"end":{"line":44,"column":5}}],"line":40}},"s":{"0":0,"1":0,"2":0,"3":0,"4":0,"5":0,"6":0,"7":0,"8":0,"9":0,"10":0,"11":0,"12":0,"13":0,"14":0,"15":0,"16":0,"17":0},"f":{"0":0,"1":0,"2":0,"3":0,"4":0,"5":0,"6":0,"7":0,"8":0,"9":0},"b":{"0":[0,0]}},"/home/kolam/svn/log4420-A2019/TravauxPratiques/TP3/Corrige/services/mongo/factory.js":{"path":"/home/kolam/svn/log4420-A2019/TravauxPratiques/TP3/Corrige/services/mongo/factory.js","statementMap":{"0":{"start":{"line":1,"column":0},"end":{"line":10,"column":1}},"1":{"start":{"line":2,"column":2},"end":{"line":9,"column":3}}},"fnMap":{"0":{"name":"(anonymous_0)","decl":{"start":{"line":1,"column":17},"end":{"line":1,"column":18}},"loc":{"start":{"line":1,"column":23},"end":{"line":10,"column":1}},"line":1}},"branchMap":{},"s":{"0":0,"1":0},"f":{"0":0},"b":{}},"/home/kolam/svn/log4420-A2019/TravauxPratiques/TP3/Corrige/services/mongo/news.js":{"path":"/home/kolam/svn/log4420-A2019/TravauxPratiques/TP3/Corrige/services/mongo/news.js","statementMap":{"0":{"start":{"line":17,"column":15},"end":{"line":17,"column":32}},"1":{"start":{"line":18,"column":27},"end":{"line":18,"column":46}},"2":{"start":{"line":35,"column":16},"end":{"line":49,"column":1}},"3":{"start":{"line":35,"column":22},"end":{"line":49,"column":1}},"4":{"start":{"line":35,"column":34},"end":{"line":49,"column":1}},"5":{"start":{"line":36,"column":2},"end":{"line":48,"column":22}},"6":{"start":{"line":39,"column":29},"end":{"line":39,"column":64}},"7":{"start":{"line":40,"column":31},"end":{"line":40,"column":85}},"8":{"start":{"line":41,"column":6},"end":{"line":46,"column":7}},"9":{"start":{"line":51,"column":0},"end":{"line":55,"column":1}},"10":{"start":{"line":52,"column":2},"end":{"line":54,"column":3}}},"fnMap":{"0":{"name":"(anonymous_0)","decl":{"start":{"line":35,"column":16},"end":{"line":35,"column":17}},"loc":{"start":{"line":35,"column":22},"end":{"line":49,"column":1}},"line":35},"1":{"name":"(anonymous_1)","decl":{"start":{"line":35,"column":22},"end":{"line":35,"column":23}},"loc":{"start":{"line":35,"column":34},"end":{"line":49,"column":1}},"line":35},"2":{"name":"(anonymous_2)","decl":{"start":{"line":35,"column":34},"end":{"line":35,"column":35}},"loc":{"start":{"line":35,"column":46},"end":{"line":49,"column":1}},"line":35},"3":{"name":"(anonymous_3)","decl":{"start":{"line":38,"column":9},"end":{"line":38,"column":10}},"loc":{"start":{"line":38,"column":17},"end":{"line":47,"column":5}},"line":38},"4":{"name":"(anonymous_4)","decl":{"start":{"line":51,"column":17},"end":{"line":51,"column":18}},"loc":{"start":{"line":51,"column":23},"end":{"line":55,"column":1}},"line":51}},"branchMap":{},"s":{"0":0,"1":0,"2":0,"3":0,"4":0,"5":0,"6":0,"7":0,"8":0,"9":0,"10":0},"f":{"0":0,"1":0,"2":0,"3":0,"4":0},"b":{}},"/home/kolam/svn/log4420-A2019/TravauxPratiques/TP3/Corrige/services/mongo/projects.js":{"path":"/home/kolam/svn/log4420-A2019/TravauxPratiques/TP3/Corrige/services/mongo/projects.js","statementMap":{"0":{"start":{"line":17,"column":27},"end":{"line":17,"column":46}},"1":{"start":{"line":18,"column":17},"end":{"line":18,"column":44}},"2":{"start":{"line":35,"column":20},"end":{"line":49,"column":1}},"3":{"start":{"line":35,"column":26},"end":{"line":49,"column":1}},"4":{"start":{"line":35,"column":38},"end":{"line":49,"column":1}},"5":{"start":{"line":36,"column":2},"end":{"line":48,"column":22}},"6":{"start":{"line":39,"column":30},"end":{"line":39,"column":69}},"7":{"start":{"line":40,"column":36},"end":{"line":40,"column":81}},"8":{"start":{"line":41,"column":6},"end":{"line":46,"column":7}},"9":{"start":{"line":68,"column":23},"end":{"line":90,"column":1}},"10":{"start":{"line":68,"column":29},"end":{"line":90,"column":1}},"11":{"start":{"line":68,"column":47},"end":{"line":90,"column":1}},"12":{"start":{"line":68,"column":59},"end":{"line":90,"column":1}},"13":{"start":{"line":68,"column":65},"end":{"line":90,"column":1}},"14":{"start":{"line":69,"column":2},"end":{"line":89,"column":4}},"15":{"start":{"line":70,"column":4},"end":{"line":88,"column":5}},"16":{"start":{"line":71,"column":20},"end":{"line":71,"column":54}},"17":{"start":{"line":72,"column":6},"end":{"line":72,"column":42}},"18":{"start":{"line":73,"column":6},"end":{"line":73,"column":27}},"19":{"start":{"line":74,"column":11},"end":{"line":88,"column":5}},"20":{"start":{"line":75,"column":20},"end":{"line":75,"column":104}},"21":{"start":{"line":76,"column":6},"end":{"line":76,"column":30}},"22":{"start":{"line":77,"column":6},"end":{"line":77,"column":27}},"23":{"start":{"line":79,"column":30},"end":{"line":79,"column":69}},"24":{"start":{"line":80,"column":36},"end":{"line":80,"column":81}},"25":{"start":{"line":81,"column":32},"end":{"line":86,"column":7}},"26":{"start":{"line":87,"column":6},"end":{"line":87,"column":39}},"27":{"start":{"line":92,"column":0},"end":{"line":97,"column":1}},"28":{"start":{"line":93,"column":2},"end":{"line":96,"column":3}}},"fnMap":{"0":{"name":"(anonymous_0)","decl":{"start":{"line":35,"column":20},"end":{"line":35,"column":21}},"loc":{"start":{"line":35,"column":26},"end":{"line":49,"column":1}},"line":35},"1":{"name":"(anonymous_1)","decl":{"start":{"line":35,"column":26},"end":{"line":35,"column":27}},"loc":{"start":{"line":35,"column":38},"end":{"line":49,"column":1}},"line":35},"2":{"name":"(anonymous_2)","decl":{"start":{"line":35,"column":38},"end":{"line":35,"column":39}},"loc":{"start":{"line":35,"column":50},"end":{"line":49,"column":1}},"line":35},"3":{"name":"(anonymous_3)","decl":{"start":{"line":38,"column":9},"end":{"line":38,"column":10}},"loc":{"start":{"line":38,"column":20},"end":{"line":47,"column":5}},"line":38},"4":{"name":"(anonymous_4)","decl":{"start":{"line":68,"column":23},"end":{"line":68,"column":24}},"loc":{"start":{"line":68,"column":29},"end":{"line":90,"column":1}},"line":68},"5":{"name":"(anonymous_5)","decl":{"start":{"line":68,"column":29},"end":{"line":68,"column":30}},"loc":{"start":{"line":68,"column":47},"end":{"line":90,"column":1}},"line":68},"6":{"name":"(anonymous_6)","decl":{"start":{"line":68,"column":47},"end":{"line":68,"column":48}},"loc":{"start":{"line":68,"column":59},"end":{"line":90,"column":1}},"line":68},"7":{"name":"(anonymous_7)","decl":{"start":{"line":68,"column":59},"end":{"line":68,"column":60}},"loc":{"start":{"line":68,"column":65},"end":{"line":90,"column":1}},"line":68},"8":{"name":"(anonymous_8)","decl":{"start":{"line":68,"column":65},"end":{"line":68,"column":66}},"loc":{"start":{"line":68,"column":77},"end":{"line":90,"column":1}},"line":68},"9":{"name":"(anonymous_9)","decl":{"start":{"line":69,"column":49},"end":{"line":69,"column":50}},"loc":{"start":{"line":69,"column":67},"end":{"line":89,"column":3}},"line":69},"10":{"name":"(anonymous_10)","decl":{"start":{"line":92,"column":17},"end":{"line":92,"column":18}},"loc":{"start":{"line":92,"column":23},"end":{"line":97,"column":1}},"line":92}},"branchMap":{"0":{"loc":{"start":{"line":45,"column":22},"end":{"line":45,"column":86}},"type":"cond-expr","locations":[{"start":{"line":45,"column":61},"end":{"line":45,"column":63}},{"start":{"line":45,"column":66},"end":{"line":45,"column":86}}],"line":45},"1":{"loc":{"start":{"line":70,"column":4},"end":{"line":88,"column":5}},"type":"if","locations":[{"start":{"line":70,"column":4},"end":{"line":88,"column":5}},{"start":{"line":70,"column":4},"end":{"line":88,"column":5}}],"line":70},"2":{"loc":{"start":{"line":74,"column":11},"end":{"line":88,"column":5}},"type":"if","locations":[{"start":{"line":74,"column":11},"end":{"line":88,"column":5}},{"start":{"line":74,"column":11},"end":{"line":88,"column":5}}],"line":74},"3":{"loc":{"start":{"line":85,"column":22},"end":{"line":85,"column":86}},"type":"cond-expr","locations":[{"start":{"line":85,"column":61},"end":{"line":85,"column":63}},{"start":{"line":85,"column":66},"end":{"line":85,"column":86}}],"line":85}},"s":{"0":0,"1":0,"2":0,"3":0,"4":0,"5":0,"6":0,"7":0,"8":0,"9":0,"10":0,"11":0,"12":0,"13":0,"14":0,"15":0,"16":0,"17":0,"18":0,"19":0,"20":0,"21":0,"22":0,"23":0,"24":0,"25":0,"26":0,"27":0,"28":0},"f":{"0":0,"1":0,"2":0,"3":0,"4":0,"5":0,"6":0,"7":0,"8":0,"9":0,"10":0},"b":{"0":[0,0],"1":[0,0],"2":[0,0],"3":[0,0]}},"/home/kolam/svn/log4420-A2019/TravauxPratiques/TP3/Corrige/services/mongo/publication.js":{"path":"/home/kolam/svn/log4420-A2019/TravauxPratiques/TP3/Corrige/services/mongo/publication.js","statementMap":{"0":{"start":{"line":17,"column":15},"end":{"line":17,"column":32}},"1":{"start":{"line":18,"column":16},"end":{"line":18,"column":34}},"2":{"start":{"line":34,"column":32},"end":{"line":36,"column":1}},"3":{"start":{"line":34,"column":38},"end":{"line":36,"column":1}},"4":{"start":{"line":35,"column":2},"end":{"line":35,"column":56}},"5":{"start":{"line":59,"column":24},"end":{"line":72,"column":1}},"6":{"start":{"line":59,"column":30},"end":{"line":72,"column":1}},"7":{"start":{"line":59,"column":44},"end":{"line":72,"column":1}},"8":{"start":{"line":60,"column":2},"end":{"line":71,"column":22}},"9":{"start":{"line":63,"column":6},"end":{"line":66,"column":7}},"10":{"start":{"line":89,"column":26},"end":{"line":91,"column":1}},"11":{"start":{"line":89,"column":32},"end":{"line":91,"column":1}},"12":{"start":{"line":89,"column":47},"end":{"line":91,"column":1}},"13":{"start":{"line":90,"column":2},"end":{"line":90,"column":64}},"14":{"start":{"line":100,"column":26},"end":{"line":102,"column":1}},"15":{"start":{"line":100,"column":32},"end":{"line":102,"column":1}},"16":{"start":{"line":100,"column":38},"end":{"line":102,"column":1}},"17":{"start":{"line":101,"column":2},"end":{"line":101,"column":82}},"18":{"start":{"line":119,"column":29},"end":{"line":130,"column":1}},"19":{"start":{"line":119,"column":35},"end":{"line":130,"column":1}},"20":{"start":{"line":119,"column":45},"end":{"line":130,"column":1}},"21":{"start":{"line":120,"column":2},"end":{"line":129,"column":22}},"22":{"start":{"line":124,"column":6},"end":{"line":127,"column":7}},"23":{"start":{"line":132,"column":0},"end":{"line":140,"column":1}},"24":{"start":{"line":133,"column":2},"end":{"line":139,"column":3}}},"fnMap":{"0":{"name":"(anonymous_0)","decl":{"start":{"line":34,"column":32},"end":{"line":34,"column":33}},"loc":{"start":{"line":34,"column":38},"end":{"line":36,"column":1}},"line":34},"1":{"name":"(anonymous_1)","decl":{"start":{"line":34,"column":38},"end":{"line":34,"column":39}},"loc":{"start":{"line":34,"column":50},"end":{"line":36,"column":1}},"line":34},"2":{"name":"(anonymous_2)","decl":{"start":{"line":59,"column":24},"end":{"line":59,"column":25}},"loc":{"start":{"line":59,"column":30},"end":{"line":72,"column":1}},"line":59},"3":{"name":"(anonymous_3)","decl":{"start":{"line":59,"column":30},"end":{"line":59,"column":31}},"loc":{"start":{"line":59,"column":44},"end":{"line":72,"column":1}},"line":59},"4":{"name":"(anonymous_4)","decl":{"start":{"line":59,"column":44},"end":{"line":59,"column":45}},"loc":{"start":{"line":59,"column":56},"end":{"line":72,"column":1}},"line":59},"5":{"name":"(anonymous_5)","decl":{"start":{"line":62,"column":9},"end":{"line":62,"column":10}},"loc":{"start":{"line":62,"column":24},"end":{"line":67,"column":5}},"line":62},"6":{"name":"(anonymous_6)","decl":{"start":{"line":89,"column":26},"end":{"line":89,"column":27}},"loc":{"start":{"line":89,"column":32},"end":{"line":91,"column":1}},"line":89},"7":{"name":"(anonymous_7)","decl":{"start":{"line":89,"column":32},"end":{"line":89,"column":33}},"loc":{"start":{"line":89,"column":47},"end":{"line":91,"column":1}},"line":89},"8":{"name":"(anonymous_8)","decl":{"start":{"line":89,"column":47},"end":{"line":89,"column":48}},"loc":{"start":{"line":89,"column":59},"end":{"line":91,"column":1}},"line":89},"9":{"name":"(anonymous_9)","decl":{"start":{"line":100,"column":26},"end":{"line":100,"column":27}},"loc":{"start":{"line":100,"column":32},"end":{"line":102,"column":1}},"line":100},"10":{"name":"(anonymous_10)","decl":{"start":{"line":100,"column":32},"end":{"line":100,"column":33}},"loc":{"start":{"line":100,"column":38},"end":{"line":102,"column":1}},"line":100},"11":{"name":"(anonymous_11)","decl":{"start":{"line":100,"column":38},"end":{"line":100,"column":39}},"loc":{"start":{"line":100,"column":50},"end":{"line":102,"column":1}},"line":100},"12":{"name":"(anonymous_12)","decl":{"start":{"line":119,"column":29},"end":{"line":119,"column":30}},"loc":{"start":{"line":119,"column":35},"end":{"line":130,"column":1}},"line":119},"13":{"name":"(anonymous_13)","decl":{"start":{"line":119,"column":35},"end":{"line":119,"column":36}},"loc":{"start":{"line":119,"column":45},"end":{"line":130,"column":1}},"line":119},"14":{"name":"(anonymous_14)","decl":{"start":{"line":119,"column":45},"end":{"line":119,"column":46}},"loc":{"start":{"line":119,"column":57},"end":{"line":130,"column":1}},"line":119},"15":{"name":"(anonymous_15)","decl":{"start":{"line":123,"column":9},"end":{"line":123,"column":10}},"loc":{"start":{"line":123,"column":24},"end":{"line":128,"column":5}},"line":123},"16":{"name":"(anonymous_16)","decl":{"start":{"line":132,"column":17},"end":{"line":132,"column":18}},"loc":{"start":{"line":132,"column":23},"end":{"line":140,"column":1}},"line":132}},"branchMap":{"0":{"loc":{"start":{"line":65,"column":15},"end":{"line":65,"column":115}},"type":"cond-expr","locations":[{"start":{"line":65,"column":51},"end":{"line":65,"column":60}},{"start":{"line":65,"column":63},"end":{"line":65,"column":115}}],"line":65},"1":{"loc":{"start":{"line":126,"column":15},"end":{"line":126,"column":115}},"type":"cond-expr","locations":[{"start":{"line":126,"column":51},"end":{"line":126,"column":60}},{"start":{"line":126,"column":63},"end":{"line":126,"column":115}}],"line":126}},"s":{"0":0,"1":0,"2":0,"3":0,"4":0,"5":0,"6":0,"7":0,"8":0,"9":0,"10":0,"11":0,"12":0,"13":0,"14":0,"15":0,"16":0,"17":0,"18":0,"19":0,"20":0,"21":0,"22":0,"23":0,"24":0},"f":{"0":0,"1":0,"2":0,"3":0,"4":0,"5":0,"6":0,"7":0,"8":0,"9":0,"10":0,"11":0,"12":0,"13":0,"14":0,"15":0,"16":0},"b":{"0":[0,0],"1":[0,0]}},"/home/kolam/svn/log4420-A2019/TravauxPratiques/TP3/Corrige/services/mongo/seminar.js":{"path":"/home/kolam/svn/log4420-A2019/TravauxPratiques/TP3/Corrige/services/mongo/seminar.js","statementMap":{"0":{"start":{"line":17,"column":15},"end":{"line":17,"column":32}},"1":{"start":{"line":18,"column":27},"end":{"line":18,"column":46}},"2":{"start":{"line":37,"column":20},"end":{"line":69,"column":1}},"3":{"start":{"line":37,"column":26},"end":{"line":69,"column":1}},"4":{"start":{"line":37,"column":35},"end":{"line":69,"column":1}},"5":{"start":{"line":37,"column":47},"end":{"line":69,"column":1}},"6":{"start":{"line":38,"column":18},"end":{"line":38,"column":20}},"7":{"start":{"line":39,"column":2},"end":{"line":41,"column":3}},"8":{"start":{"line":40,"column":4},"end":{"line":40,"column":41}},"9":{"start":{"line":43,"column":25},"end":{"line":46,"column":63}},"10":{"start":{"line":47,"column":18},"end":{"line":47,"column":20}},"11":{"start":{"line":48,"column":2},"end":{"line":50,"column":3}},"12":{"start":{"line":49,"column":4},"end":{"line":49,"column":57}},"13":{"start":{"line":52,"column":2},"end":{"line":68,"column":22}},"14":{"start":{"line":55,"column":30},"end":{"line":55,"column":63}},"15":{"start":{"line":56,"column":36},"end":{"line":56,"column":75}},"16":{"start":{"line":57,"column":22},"end":{"line":57,"column":68}},"17":{"start":{"line":58,"column":31},"end":{"line":58,"column":82}},"18":{"start":{"line":59,"column":6},"end":{"line":66,"column":7}},"19":{"start":{"line":71,"column":0},"end":{"line":75,"column":1}},"20":{"start":{"line":72,"column":2},"end":{"line":74,"column":3}}},"fnMap":{"0":{"name":"(anonymous_0)","decl":{"start":{"line":37,"column":20},"end":{"line":37,"column":21}},"loc":{"start":{"line":37,"column":26},"end":{"line":69,"column":1}},"line":37},"1":{"name":"(anonymous_1)","decl":{"start":{"line":37,"column":26},"end":{"line":37,"column":27}},"loc":{"start":{"line":37,"column":35},"end":{"line":69,"column":1}},"line":37},"2":{"name":"(anonymous_2)","decl":{"start":{"line":37,"column":35},"end":{"line":37,"column":36}},"loc":{"start":{"line":37,"column":47},"end":{"line":69,"column":1}},"line":37},"3":{"name":"(anonymous_3)","decl":{"start":{"line":37,"column":47},"end":{"line":37,"column":48}},"loc":{"start":{"line":37,"column":59},"end":{"line":69,"column":1}},"line":37},"4":{"name":"(anonymous_4)","decl":{"start":{"line":54,"column":9},"end":{"line":54,"column":10}},"loc":{"start":{"line":54,"column":14},"end":{"line":67,"column":5}},"line":54},"5":{"name":"(anonymous_5)","decl":{"start":{"line":71,"column":17},"end":{"line":71,"column":18}},"loc":{"start":{"line":71,"column":23},"end":{"line":75,"column":1}},"line":71}},"branchMap":{"0":{"loc":{"start":{"line":39,"column":2},"end":{"line":41,"column":3}},"type":"if","locations":[{"start":{"line":39,"column":2},"end":{"line":41,"column":3}},{"start":{"line":39,"column":2},"end":{"line":41,"column":3}}],"line":39},"1":{"loc":{"start":{"line":39,"column":6},"end":{"line":39,"column":53}},"type":"binary-expr","locations":[{"start":{"line":39,"column":6},"end":{"line":39,"column":25}},{"start":{"line":39,"column":29},"end":{"line":39,"column":53}}],"line":39},"2":{"loc":{"start":{"line":43,"column":25},"end":{"line":46,"column":63}},"type":"binary-expr","locations":[{"start":{"line":43,"column":25},"end":{"line":43,"column":44}},{"start":{"line":44,"column":4},"end":{"line":44,"column":28}},{"start":{"line":45,"column":4},"end":{"line":45,"column":34}},{"start":{"line":46,"column":5},"end":{"line":46,"column":31}},{"start":{"line":46,"column":35},"end":{"line":46,"column":62}}],"line":43},"3":{"loc":{"start":{"line":48,"column":2},"end":{"line":50,"column":3}},"type":"if","locations":[{"start":{"line":48,"column":2},"end":{"line":50,"column":3}},{"start":{"line":48,"column":2},"end":{"line":50,"column":3}}],"line":48}},"s":{"0":0,"1":0,"2":0,"3":0,"4":0,"5":0,"6":0,"7":0,"8":0,"9":0,"10":0,"11":0,"12":0,"13":0,"14":0,"15":0,"16":0,"17":0,"18":0,"19":0,"20":0},"f":{"0":0,"1":0,"2":0,"3":0,"4":0,"5":0},"b":{"0":[0,0],"1":[0,0],"2":[0,0,0,0,0],"3":[0,0]}},"/home/kolam/svn/log4420-A2019/TravauxPratiques/TP3/Corrige/services/mongo/team.js":{"path":"/home/kolam/svn/log4420-A2019/TravauxPratiques/TP3/Corrige/services/mongo/team.js","statementMap":{"0":{"start":{"line":25,"column":23},"end":{"line":33,"column":1}},"1":{"start":{"line":25,"column":29},"end":{"line":33,"column":1}},"2":{"start":{"line":26,"column":18},"end":{"line":28,"column":3}},"3":{"start":{"line":30,"column":2},"end":{"line":32,"column":22}},"4":{"start":{"line":35,"column":0},"end":{"line":39,"column":1}},"5":{"start":{"line":36,"column":2},"end":{"line":38,"column":3}}},"fnMap":{"0":{"name":"(anonymous_0)","decl":{"start":{"line":25,"column":23},"end":{"line":25,"column":24}},"loc":{"start":{"line":25,"column":29},"end":{"line":33,"column":1}},"line":25},"1":{"name":"(anonymous_1)","decl":{"start":{"line":25,"column":29},"end":{"line":25,"column":30}},"loc":{"start":{"line":25,"column":41},"end":{"line":33,"column":1}},"line":25},"2":{"name":"(anonymous_2)","decl":{"start":{"line":35,"column":17},"end":{"line":35,"column":18}},"loc":{"start":{"line":35,"column":23},"end":{"line":39,"column":1}},"line":35}},"branchMap":{},"s":{"0":0,"1":0,"2":0,"3":0,"4":0,"5":0},"f":{"0":0,"1":0,"2":0},"b":{}},"/home/kolam/svn/log4420-A2019/TravauxPratiques/TP3/Corrige/services/utils.js":{"path":"/home/kolam/svn/log4420-A2019/TravauxPratiques/TP3/Corrige/services/utils.js","statementMap":{"0":{"start":{"line":31,"column":0},"end":{"line":39,"column":1}},"1":{"start":{"line":32,"column":2},"end":{"line":38,"column":3}},"2":{"start":{"line":33,"column":4},"end":{"line":33,"column":13}},"3":{"start":{"line":34,"column":9},"end":{"line":38,"column":3}},"4":{"start":{"line":35,"column":4},"end":{"line":35,"column":26}},"5":{"start":{"line":37,"column":4},"end":{"line":37,"column":22}}},"fnMap":{"0":{"name":"(anonymous_0)","decl":{"start":{"line":31,"column":25},"end":{"line":31,"column":26}},"loc":{"start":{"line":31,"column":46},"end":{"line":39,"column":1}},"line":31}},"branchMap":{"0":{"loc":{"start":{"line":32,"column":2},"end":{"line":38,"column":3}},"type":"if","locations":[{"start":{"line":32,"column":2},"end":{"line":38,"column":3}},{"start":{"line":32,"column":2},"end":{"line":38,"column":3}}],"line":32},"1":{"loc":{"start":{"line":34,"column":9},"end":{"line":38,"column":3}},"type":"if","locations":[{"start":{"line":34,"column":9},"end":{"line":38,"column":3}},{"start":{"line":34,"column":9},"end":{"line":38,"column":3}}],"line":34}},"s":{"0":0,"1":0,"2":0,"3":0,"4":0,"5":0},"f":{"0":0},"b":{"0":[0,0],"1":[0,0]}},"/home/kolam/svn/log4420-A2019/TravauxPratiques/TP3/Corrige/services/yaml/factory.js":{"path":"/home/kolam/svn/log4420-A2019/TravauxPratiques/TP3/Corrige/services/yaml/factory.js","statementMap":{"0":{"start":{"line":1,"column":0},"end":{"line":10,"column":1}},"1":{"start":{"line":2,"column":2},"end":{"line":9,"column":3}}},"fnMap":{"0":{"name":"(anonymous_0)","decl":{"start":{"line":1,"column":17},"end":{"line":1,"column":18}},"loc":{"start":{"line":1,"column":23},"end":{"line":10,"column":1}},"line":1}},"branchMap":{},"s":{"0":0,"1":0},"f":{"0":0},"b":{}},"/home/kolam/svn/log4420-A2019/TravauxPratiques/TP3/Corrige/services/yaml/news.js":{"path":"/home/kolam/svn/log4420-A2019/TravauxPratiques/TP3/Corrige/services/yaml/news.js","statementMap":{"0":{"start":{"line":17,"column":13},"end":{"line":17,"column":31}},"1":{"start":{"line":18,"column":15},"end":{"line":18,"column":32}},"2":{"start":{"line":19,"column":27},"end":{"line":19,"column":46}},"3":{"start":{"line":36,"column":16},"end":{"line":56,"column":1}},"4":{"start":{"line":36,"column":22},"end":{"line":56,"column":1}},"5":{"start":{"line":36,"column":34},"end":{"line":56,"column":1}},"6":{"start":{"line":37,"column":2},"end":{"line":55,"column":4}},"7":{"start":{"line":38,"column":4},"end":{"line":54,"column":5}},"8":{"start":{"line":39,"column":6},"end":{"line":39,"column":25}},"9":{"start":{"line":41,"column":29},"end":{"line":41,"column":51}},"10":{"start":{"line":42,"column":19},"end":{"line":52,"column":10}},"11":{"start":{"line":44,"column":33},"end":{"line":44,"column":65}},"12":{"start":{"line":45,"column":35},"end":{"line":45,"column":86}},"13":{"start":{"line":46,"column":10},"end":{"line":51,"column":11}},"14":{"start":{"line":53,"column":6},"end":{"line":53,"column":26}},"15":{"start":{"line":58,"column":0},"end":{"line":62,"column":1}},"16":{"start":{"line":59,"column":2},"end":{"line":61,"column":3}}},"fnMap":{"0":{"name":"(anonymous_0)","decl":{"start":{"line":36,"column":16},"end":{"line":36,"column":17}},"loc":{"start":{"line":36,"column":22},"end":{"line":56,"column":1}},"line":36},"1":{"name":"(anonymous_1)","decl":{"start":{"line":36,"column":22},"end":{"line":36,"column":23}},"loc":{"start":{"line":36,"column":34},"end":{"line":56,"column":1}},"line":36},"2":{"name":"(anonymous_2)","decl":{"start":{"line":36,"column":34},"end":{"line":36,"column":35}},"loc":{"start":{"line":36,"column":46},"end":{"line":56,"column":1}},"line":36},"3":{"name":"(anonymous_3)","decl":{"start":{"line":37,"column":41},"end":{"line":37,"column":42}},"loc":{"start":{"line":37,"column":59},"end":{"line":55,"column":3}},"line":37},"4":{"name":"(anonymous_4)","decl":{"start":{"line":43,"column":13},"end":{"line":43,"column":14}},"loc":{"start":{"line":43,"column":18},"end":{"line":52,"column":9}},"line":43},"5":{"name":"(anonymous_5)","decl":{"start":{"line":58,"column":17},"end":{"line":58,"column":18}},"loc":{"start":{"line":58,"column":23},"end":{"line":62,"column":1}},"line":58}},"branchMap":{"0":{"loc":{"start":{"line":38,"column":4},"end":{"line":54,"column":5}},"type":"if","locations":[{"start":{"line":38,"column":4},"end":{"line":54,"column":5}},{"start":{"line":38,"column":4},"end":{"line":54,"column":5}}],"line":38},"1":{"loc":{"start":{"line":42,"column":20},"end":{"line":42,"column":67}},"type":"cond-expr","locations":[{"start":{"line":42,"column":48},"end":{"line":42,"column":50}},{"start":{"line":42,"column":53},"end":{"line":42,"column":67}}],"line":42}},"s":{"0":0,"1":0,"2":0,"3":0,"4":0,"5":0,"6":0,"7":0,"8":0,"9":0,"10":0,"11":0,"12":0,"13":0,"14":0,"15":0,"16":0},"f":{"0":0,"1":0,"2":0,"3":0,"4":0,"5":0},"b":{"0":[0,0],"1":[0,0]}},"/home/kolam/svn/log4420-A2019/TravauxPratiques/TP3/Corrige/services/yaml/projects.js":{"path":"/home/kolam/svn/log4420-A2019/TravauxPratiques/TP3/Corrige/services/yaml/projects.js","statementMap":{"0":{"start":{"line":17,"column":13},"end":{"line":17,"column":31}},"1":{"start":{"line":18,"column":27},"end":{"line":18,"column":46}},"2":{"start":{"line":35,"column":20},"end":{"line":56,"column":1}},"3":{"start":{"line":35,"column":26},"end":{"line":56,"column":1}},"4":{"start":{"line":35,"column":38},"end":{"line":56,"column":1}},"5":{"start":{"line":36,"column":2},"end":{"line":55,"column":4}},"6":{"start":{"line":37,"column":4},"end":{"line":54,"column":5}},"7":{"start":{"line":38,"column":6},"end":{"line":38,"column":25}},"8":{"start":{"line":40,"column":29},"end":{"line":40,"column":51}},"9":{"start":{"line":41,"column":23},"end":{"line":52,"column":10}},"10":{"start":{"line":44,"column":34},"end":{"line":44,"column":73}},"11":{"start":{"line":45,"column":40},"end":{"line":45,"column":85}},"12":{"start":{"line":46,"column":10},"end":{"line":51,"column":11}},"13":{"start":{"line":53,"column":6},"end":{"line":53,"column":30}},"14":{"start":{"line":75,"column":23},"end":{"line":91,"column":1}},"15":{"start":{"line":75,"column":29},"end":{"line":91,"column":1}},"16":{"start":{"line":75,"column":47},"end":{"line":91,"column":1}},"17":{"start":{"line":75,"column":59},"end":{"line":91,"column":1}},"18":{"start":{"line":75,"column":65},"end":{"line":91,"column":1}},"19":{"start":{"line":76,"column":2},"end":{"line":90,"column":4}},"20":{"start":{"line":77,"column":4},"end":{"line":89,"column":5}},"21":{"start":{"line":78,"column":6},"end":{"line":78,"column":25}},"22":{"start":{"line":80,"column":25},"end":{"line":80,"column":57}},"23":{"start":{"line":80,"column":44},"end":{"line":80,"column":56}},"24":{"start":{"line":81,"column":6},"end":{"line":88,"column":7}},"25":{"start":{"line":82,"column":8},"end":{"line":82,"column":34}},"26":{"start":{"line":84,"column":25},"end":{"line":84,"column":240}},"27":{"start":{"line":85,"column":22},"end":{"line":85,"column":41}},"28":{"start":{"line":86,"column":8},"end":{"line":86,"column":32}},"29":{"start":{"line":87,"column":8},"end":{"line":87,"column":29}},"30":{"start":{"line":93,"column":0},"end":{"line":98,"column":1}},"31":{"start":{"line":94,"column":2},"end":{"line":97,"column":3}}},"fnMap":{"0":{"name":"(anonymous_0)","decl":{"start":{"line":35,"column":20},"end":{"line":35,"column":21}},"loc":{"start":{"line":35,"column":26},"end":{"line":56,"column":1}},"line":35},"1":{"name":"(anonymous_1)","decl":{"start":{"line":35,"column":26},"end":{"line":35,"column":27}},"loc":{"start":{"line":35,"column":38},"end":{"line":56,"column":1}},"line":35},"2":{"name":"(anonymous_2)","decl":{"start":{"line":35,"column":38},"end":{"line":35,"column":39}},"loc":{"start":{"line":35,"column":50},"end":{"line":56,"column":1}},"line":35},"3":{"name":"(anonymous_3)","decl":{"start":{"line":36,"column":45},"end":{"line":36,"column":46}},"loc":{"start":{"line":36,"column":63},"end":{"line":55,"column":3}},"line":36},"4":{"name":"(anonymous_4)","decl":{"start":{"line":43,"column":13},"end":{"line":43,"column":14}},"loc":{"start":{"line":43,"column":24},"end":{"line":52,"column":9}},"line":43},"5":{"name":"(anonymous_5)","decl":{"start":{"line":75,"column":23},"end":{"line":75,"column":24}},"loc":{"start":{"line":75,"column":29},"end":{"line":91,"column":1}},"line":75},"6":{"name":"(anonymous_6)","decl":{"start":{"line":75,"column":29},"end":{"line":75,"column":30}},"loc":{"start":{"line":75,"column":47},"end":{"line":91,"column":1}},"line":75},"7":{"name":"(anonymous_7)","decl":{"start":{"line":75,"column":47},"end":{"line":75,"column":48}},"loc":{"start":{"line":75,"column":59},"end":{"line":91,"column":1}},"line":75},"8":{"name":"(anonymous_8)","decl":{"start":{"line":75,"column":59},"end":{"line":75,"column":60}},"loc":{"start":{"line":75,"column":65},"end":{"line":91,"column":1}},"line":75},"9":{"name":"(anonymous_9)","decl":{"start":{"line":75,"column":65},"end":{"line":75,"column":66}},"loc":{"start":{"line":75,"column":77},"end":{"line":91,"column":1}},"line":75},"10":{"name":"(anonymous_10)","decl":{"start":{"line":76,"column":28},"end":{"line":76,"column":29}},"loc":{"start":{"line":76,"column":47},"end":{"line":90,"column":3}},"line":76},"11":{"name":"(anonymous_11)","decl":{"start":{"line":80,"column":39},"end":{"line":80,"column":40}},"loc":{"start":{"line":80,"column":44},"end":{"line":80,"column":56}},"line":80},"12":{"name":"(anonymous_12)","decl":{"start":{"line":93,"column":17},"end":{"line":93,"column":18}},"loc":{"start":{"line":93,"column":23},"end":{"line":98,"column":1}},"line":93}},"branchMap":{"0":{"loc":{"start":{"line":37,"column":4},"end":{"line":54,"column":5}},"type":"if","locations":[{"start":{"line":37,"column":4},"end":{"line":54,"column":5}},{"start":{"line":37,"column":4},"end":{"line":54,"column":5}}],"line":37},"1":{"loc":{"start":{"line":41,"column":24},"end":{"line":41,"column":71}},"type":"cond-expr","locations":[{"start":{"line":41,"column":52},"end":{"line":41,"column":54}},{"start":{"line":41,"column":57},"end":{"line":41,"column":71}}],"line":41},"2":{"loc":{"start":{"line":50,"column":26},"end":{"line":50,"col
[...]
,"line":91},"13":{"name":"(anonymous_13)","decl":{"start":{"line":91,"column":38},"end":{"line":91,"column":39}},"loc":{"start":{"line":91,"column":50},"end":{"line":93,"column":1}},"line":91},"14":{"name":"(anonymous_14)","decl":{"start":{"line":104,"column":28},"end":{"line":104,"column":29}},"loc":{"start":{"line":104,"column":42},"end":{"line":114,"column":1}},"line":104},"15":{"name":"(anonymous_15)","decl":{"start":{"line":104,"column":42},"end":{"line":104,"column":43}},"loc":{"start":{"line":104,"column":54},"end":{"line":114,"column":1}},"line":104},"16":{"name":"(anonymous_16)","decl":{"start":{"line":105,"column":35},"end":{"line":105,"column":36}},"loc":{"start":{"line":105,"column":50},"end":{"line":113,"column":3}},"line":105},"17":{"name":"(anonymous_17)","decl":{"start":{"line":123,"column":29},"end":{"line":123,"column":30}},"loc":{"start":{"line":123,"column":35},"end":{"line":131,"column":1}},"line":123},"18":{"name":"(anonymous_18)","decl":{"start":{"line":123,"column":35},"end":{"line":123,"column":36}},"loc":{"start":{"line":123,"column":45},"end":{"line":131,"column":1}},"line":123},"19":{"name":"(anonymous_19)","decl":{"start":{"line":123,"column":45},"end":{"line":123,"column":46}},"loc":{"start":{"line":123,"column":57},"end":{"line":131,"column":1}},"line":123},"20":{"name":"(anonymous_20)","decl":{"start":{"line":124,"column":26},"end":{"line":124,"column":27}},"loc":{"start":{"line":124,"column":49},"end":{"line":130,"column":3}},"line":124},"21":{"name":"(anonymous_21)","decl":{"start":{"line":128,"column":41},"end":{"line":128,"column":42}},"loc":{"start":{"line":128,"column":56},"end":{"line":128,"column":88}},"line":128},"22":{"name":"(anonymous_22)","decl":{"start":{"line":128,"column":95},"end":{"line":128,"column":96}},"loc":{"start":{"line":128,"column":107},"end":{"line":128,"column":133}},"line":128},"23":{"name":"(anonymous_23)","decl":{"start":{"line":133,"column":17},"end":{"line":133,"column":18}},"loc":{"start":{"line":133,"column":23},"end":{"line":141,"column":1}},"line":133}},"branchMap":{"0":{"loc":{"start":{"line":36,"column":4},"end":{"line":42,"column":5}},"type":"if","locations":[{"start":{"line":36,"column":4},"end":{"line":42,"column":5}},{"start":{"line":36,"column":4},"end":{"line":42,"column":5}}],"line":36},"1":{"loc":{"start":{"line":40,"column":28},"end":{"line":40,"column":75}},"type":"cond-expr","locations":[{"start":{"line":40,"column":56},"end":{"line":40,"column":58}},{"start":{"line":40,"column":61},"end":{"line":40,"column":75}}],"line":40},"2":{"loc":{"start":{"line":62,"column":4},"end":{"line":83,"column":5}},"type":"if","locations":[{"start":{"line":62,"column":4},"end":{"line":83,"column":5}},{"start":{"line":62,"column":4},"end":{"line":83,"column":5}}],"line":62},"3":{"loc":{"start":{"line":66,"column":28},"end":{"line":66,"column":75}},"type":"cond-expr","locations":[{"start":{"line":66,"column":56},"end":{"line":66,"column":58}},{"start":{"line":66,"column":61},"end":{"line":66,"column":75}}],"line":66},"4":{"loc":{"start":{"line":71,"column":19},"end":{"line":71,"column":119}},"type":"cond-expr","locations":[{"start":{"line":71,"column":55},"end":{"line":71,"column":64}},{"start":{"line":71,"column":67},"end":{"line":71,"column":119}}],"line":71},"5":{"loc":{"start":{"line":75,"column":6},"end":{"line":82,"column":7}},"type":"if","locations":[{"start":{"line":75,"column":6},"end":{"line":82,"column":7}},{"start":{"line":75,"column":6},"end":{"line":82,"column":7}}],"line":75},"6":{"loc":{"start":{"line":75,"column":10},"end":{"line":75,"column":107}},"type":"binary-expr","locations":[{"start":{"line":75,"column":10},"end":{"line":75,"column":34}},{"start":{"line":75,"column":38},"end":{"line":75,"column":73}},{"start":{"line":75,"column":77},"end":{"line":75,"column":107}}],"line":75},"7":{"loc":{"start":{"line":106,"column":4},"end":{"line":111,"column":5}},"type":"if","locations":[{"start":{"line":106,"column":4},"end":{"line":111,"column":5}},{"start":{"line":106,"column":4},"end":{"line":111,"column":5}}],"line":106},"8":{"loc":{"start":{"line":109,"column":22},"end":{"line":109,"column":80}},"type":"cond-expr","locations":[{"start":{"line":109,"column":46},"end":{"line":109,"column":48}},{"start":{"line":109,"column":51},"end":{"line":109,"column":80}}],"line":109},"9":{"loc":{"start":{"line":109,"column":51},"end":{"line":109,"column":80}},"type":"cond-expr","locations":[{"start":{"line":109,"column":75},"end":{"line":109,"column":76}},{"start":{"line":109,"column":79},"end":{"line":109,"column":80}}],"line":109},"10":{"loc":{"start":{"line":110,"column":13},"end":{"line":110,"column":78}},"type":"cond-expr","locations":[{"start":{"line":110,"column":31},"end":{"line":110,"column":38}},{"start":{"line":110,"column":41},"end":{"line":110,"column":78}}],"line":110},"11":{"loc":{"start":{"line":110,"column":41},"end":{"line":110,"column":78}},"type":"cond-expr","locations":[{"start":{"line":110,"column":60},"end":{"line":110,"column":68}},{"start":{"line":110,"column":71},"end":{"line":110,"column":78}}],"line":110},"12":{"loc":{"start":{"line":125,"column":4},"end":{"line":129,"column":5}},"type":"if","locations":[{"start":{"line":125,"column":4},"end":{"line":129,"column":5}},{"start":{"line":125,"column":4},"end":{"line":129,"column":5}}],"line":125},"13":{"loc":{"start":{"line":128,"column":107},"end":{"line":128,"column":133}},"type":"cond-expr","locations":[{"start":{"line":128,"column":127},"end":{"line":128,"column":128}},{"start":{"line":128,"column":131},"end":{"line":128,"column":133}}],"line":128}},"s":{"0":0,"1":0,"2":0,"3":0,"4":0,"5":0,"6":0,"7":0,"8":0,"9":0,"10":0,"11":0,"12":0,"13":0,"14":0,"15":0,"16":0,"17":0,"18":0,"19":0,"20":0,"21":0,"22":0,"23":0,"24":0,"25":0,"26":0,"27":0,"28":0,"29":0,"30":0,"31":0,"32":0,"33":0,"34":0,"35":0,"36":0,"37":0,"38":0,"39":0,"40":0,"41":0,"42":0,"43":0,"44":0,"45":0,"46":0,"47":0,"48":0,"49":0,"50":0,"51":0,"52":0},"f":{"0":0,"1":0,"2":0,"3":0,"4":0,"5":0,"6":0,"7":0,"8":0,"9":0,"10":0,"11":0,"12":0,"13":0,"14":0,"15":0,"16":0,"17":0,"18":0,"19":0,"20":0,"21":0,"22":0,"23":0},"b":{"0":[0,0],"1":[0,0],"2":[0,0],"3":[0,0],"4":[0,0],"5":[0,0],"6":[0,0,0],"7":[0,0],"8":[0,0],"9":[0,0],"10":[0,0],"11":[0,0],"12":[0,0],"13":[0,0]}},"/home/kolam/svn/log4420-A2019/TravauxPratiques/TP3/Corrige/services/yaml/seminar.js":{"path":"/home/kolam/svn/log4420-A2019/TravauxPratiques/TP3/Corrige/services/yaml/seminar.js","statementMap":{"0":{"start":{"line":17,"column":13},"end":{"line":17,"column":31}},"1":{"start":{"line":18,"column":15},"end":{"line":18,"column":32}},"2":{"start":{"line":19,"column":27},"end":{"line":19,"column":46}},"3":{"start":{"line":38,"column":20},"end":{"line":65,"column":1}},"4":{"start":{"line":38,"column":26},"end":{"line":65,"column":1}},"5":{"start":{"line":38,"column":35},"end":{"line":65,"column":1}},"6":{"start":{"line":38,"column":47},"end":{"line":65,"column":1}},"7":{"start":{"line":39,"column":2},"end":{"line":64,"column":4}},"8":{"start":{"line":40,"column":4},"end":{"line":63,"column":5}},"9":{"start":{"line":41,"column":6},"end":{"line":41,"column":25}},"10":{"start":{"line":43,"column":29},"end":{"line":43,"column":51}},"11":{"start":{"line":44,"column":23},"end":{"line":58,"column":10}},"12":{"start":{"line":46,"column":34},"end":{"line":46,"column":67}},"13":{"start":{"line":47,"column":40},"end":{"line":47,"column":79}},"14":{"start":{"line":48,"column":26},"end":{"line":48,"column":72}},"15":{"start":{"line":49,"column":35},"end":{"line":49,"column":86}},"16":{"start":{"line":50,"column":10},"end":{"line":57,"column":11}},"17":{"start":{"line":60,"column":30},"end":{"line":60,"column":84}},"18":{"start":{"line":61,"column":34},"end":{"line":61,"column":86}},"19":{"start":{"line":61,"column":69},"end":{"line":61,"column":75}},"20":{"start":{"line":62,"column":6},"end":{"line":62,"column":41}},"21":{"start":{"line":76,"column":33},"end":{"line":82,"column":1}},"22":{"start":{"line":76,"column":42},"end":{"line":82,"column":1}},"23":{"start":{"line":77,"column":2},"end":{"line":81,"column":3}},"24":{"start":{"line":78,"column":4},"end":{"line":78,"column":52}},"25":{"start":{"line":78,"column":32},"end":{"line":78,"column":51}},"26":{"start":{"line":80,"column":4},"end":{"line":80,"column":19}},"27":{"start":{"line":93,"column":21},"end":{"line":103,"column":1}},"28":{"start":{"line":93,"column":30},"end":{"line":103,"column":1}},"29":{"start":{"line":94,"column":25},"end":{"line":97,"column":63}},"30":{"start":{"line":98,"column":2},"end":{"line":102,"column":3}},"31":{"start":{"line":99,"column":4},"end":{"line":99,"column":81}},"32":{"start":{"line":99,"column":37},"end":{"line":99,"column":80}},"33":{"start":{"line":101,"column":4},"end":{"line":101,"column":19}},"34":{"start":{"line":113,"column":16},"end":{"line":121,"column":1}},"35":{"start":{"line":113,"column":25},"end":{"line":121,"column":1}},"36":{"start":{"line":113,"column":31},"end":{"line":121,"column":1}},"37":{"start":{"line":114,"column":2},"end":{"line":120,"column":3}},"38":{"start":{"line":115,"column":4},"end":{"line":115,"column":43}},"39":{"start":{"line":116,"column":9},"end":{"line":120,"column":3}},"40":{"start":{"line":117,"column":4},"end":{"line":117,"column":43}},"41":{"start":{"line":119,"column":4},"end":{"line":119,"column":12}},"42":{"start":{"line":123,"column":0},"end":{"line":127,"column":1}},"43":{"start":{"line":124,"column":2},"end":{"line":126,"column":3}}},"fnMap":{"0":{"name":"(anonymous_0)","decl":{"start":{"line":38,"column":20},"end":{"line":38,"column":21}},"loc":{"start":{"line":38,"column":26},"end":{"line":65,"column":1}},"line":38},"1":{"name":"(anonymous_1)","decl":{"start":{"line":38,"column":26},"end":{"line":38,"column":27}},"loc":{"start":{"line":38,"column":35},"end":{"line":65,"column":1}},"line":38},"2":{"name":"(anonymous_2)","decl":{"start":{"line":38,"column":35},"end":{"line":38,"column":36}},"loc":{"start":{"line":38,"column":47},"end":{"line":65,"column":1}},"line":38},"3":{"name":"(anonymous_3)","decl":{"start":{"line":38,"column":47},"end":{"line":38,"column":48}},"loc":{"start":{"line":38,"column":59},"end":{"line":65,"column":1}},"line":38},"4":{"name":"(anonymous_4)","decl":{"start":{"line":39,"column":45},"end":{"line":39,"column":46}},"loc":{"start":{"line":39,"column":63},"end":{"line":64,"column":3}},"line":39},"5":{"name":"(anonymous_5)","decl":{"start":{"line":45,"column":13},"end":{"line":45,"column":14}},"loc":{"start":{"line":45,"column":18},"end":{"line":58,"column":9}},"line":45},"6":{"name":"(anonymous_6)","decl":{"start":{"line":61,"column":57},"end":{"line":61,"column":58}},"loc":{"start":{"line":61,"column":69},"end":{"line":61,"column":75}},"line":61},"7":{"name":"(anonymous_7)","decl":{"start":{"line":76,"column":33},"end":{"line":76,"column":34}},"loc":{"start":{"line":76,"column":42},"end":{"line":82,"column":1}},"line":76},"8":{"name":"(anonymous_8)","decl":{"start":{"line":76,"column":42},"end":{"line":76,"column":43}},"loc":{"start":{"line":76,"column":54},"end":{"line":82,"column":1}},"line":76},"9":{"name":"(anonymous_9)","decl":{"start":{"line":78,"column":27},"end":{"line":78,"column":28}},"loc":{"start":{"line":78,"column":32},"end":{"line":78,"column":51}},"line":78},"10":{"name":"(anonymous_10)","decl":{"start":{"line":93,"column":21},"end":{"line":93,"column":22}},"loc":{"start":{"line":93,"column":30},"end":{"line":103,"column":1}},"line":93},"11":{"name":"(anonymous_11)","decl":{"start":{"line":93,"column":30},"end":{"line":93,"column":31}},"loc":{"start":{"line":93,"column":42},"end":{"line":103,"column":1}},"line":93},"12":{"name":"(anonymous_12)","decl":{"start":{"line":99,"column":25},"end":{"line":99,"column":26}},"loc":{"start":{"line":99,"column":37},"end":{"line":99,"column":80}},"line":99},"13":{"name":"(anonymous_13)","decl":{"start":{"line":113,"column":16},"end":{"line":113,"column":17}},"loc":{"start":{"line":113,"column":25},"end":{"line":121,"column":1}},"line":113},"14":{"name":"(anonymous_14)","decl":{"start":{"line":113,"column":25},"end":{"line":113,"column":26}},"loc":{"start":{"line":113,"column":31},"end":{"line":121,"column":1}},"line":113},"15":{"name":"(anonymous_15)","decl":{"start":{"line":113,"column":31},"end":{"line":113,"column":32}},"loc":{"start":{"line":113,"column":37},"end":{"line":121,"column":1}},"line":113},"16":{"name":"(anonymous_16)","decl":{"start":{"line":123,"column":17},"end":{"line":123,"column":18}},"loc":{"start":{"line":123,"column":23},"end":{"line":127,"column":1}},"line":123}},"branchMap":{"0":{"loc":{"start":{"line":40,"column":4},"end":{"line":63,"column":5}},"type":"if","locations":[{"start":{"line":40,"column":4},"end":{"line":63,"column":5}},{"start":{"line":40,"column":4},"end":{"line":63,"column":5}}],"line":40},"1":{"loc":{"start":{"line":44,"column":24},"end":{"line":44,"column":71}},"type":"cond-expr","locations":[{"start":{"line":44,"column":52},"end":{"line":44,"column":54}},{"start":{"line":44,"column":57},"end":{"line":44,"column":71}}],"line":44},"2":{"loc":{"start":{"line":77,"column":2},"end":{"line":81,"column":3}},"type":"if","locations":[{"start":{"line":77,"column":2},"end":{"line":81,"column":3}},{"start":{"line":77,"column":2},"end":{"line":81,"column":3}}],"line":77},"3":{"loc":{"start":{"line":77,"column":6},"end":{"line":77,"column":53}},"type":"binary-expr","locations":[{"start":{"line":77,"column":6},"end":{"line":77,"column":25}},{"start":{"line":77,"column":29},"end":{"line":77,"column":53}}],"line":77},"4":{"loc":{"start":{"line":94,"column":25},"end":{"line":97,"column":63}},"type":"binary-expr","locations":[{"start":{"line":94,"column":25},"end":{"line":94,"column":44}},{"start":{"line":95,"column":4},"end":{"line":95,"column":28}},{"start":{"line":96,"column":4},"end":{"line":96,"column":34}},{"start":{"line":97,"column":5},"end":{"line":97,"column":31}},{"start":{"line":97,"column":35},"end":{"line":97,"column":62}}],"line":94},"5":{"loc":{"start":{"line":98,"column":2},"end":{"line":102,"column":3}},"type":"if","locations":[{"start":{"line":98,"column":2},"end":{"line":102,"column":3}},{"start":{"line":98,"column":2},"end":{"line":102,"column":3}}],"line":98},"6":{"loc":{"start":{"line":114,"column":2},"end":{"line":120,"column":3}},"type":"if","locations":[{"start":{"line":114,"column":2},"end":{"line":120,"column":3}},{"start":{"line":114,"column":2},"end":{"line":120,"column":3}}],"line":114},"7":{"loc":{"start":{"line":115,"column":11},"end":{"line":115,"column":43}},"type":"cond-expr","locations":[{"start":{"line":115,"column":23},"end":{"line":115,"column":25}},{"start":{"line":115,"column":28},"end":{"line":115,"column":43}}],"line":115},"8":{"loc":{"start":{"line":115,"column":28},"end":{"line":115,"column":43}},"type":"cond-expr","locations":[{"start":{"line":115,"column":38},"end":{"line":115,"column":39}},{"start":{"line":115,"column":42},"end":{"line":115,"column":43}}],"line":115},"9":{"loc":{"start":{"line":116,"column":9},"end":{"line":120,"column":3}},"type":"if","locations":[{"start":{"line":116,"column":9},"end":{"line":120,"column":3}},{"start":{"line":116,"column":9},"end":{"line":120,"column":3}}],"line":116},"10":{"loc":{"start":{"line":117,"column":11},"end":{"line":117,"column":43}},"type":"cond-expr","locations":[{"start":{"line":117,"column":23},"end":{"line":117,"column":24}},{"start":{"line":117,"column":27},"end":{"line":117,"column":43}}],"line":117},"11":{"loc":{"start":{"line":117,"column":27},"end":{"line":117,"column":43}},"type":"cond-expr","locations":[{"start":{"line":117,"column":37},"end":{"line":117,"column":39}},{"start":{"line":117,"column":42},"end":{"line":117,"column":43}}],"line":117}},"s":{"0":0,"1":0,"2":0,"3":0,"4":0,"5":0,"6":0,"7":0,"8":0,"9":0,"10":0,"11":0,"12":0,"13":0,"14":0,"15":0,"16":0,"17":0,"18":0,"19":0,"20":0,"21":0,"22":0,"23":0,"24":0,"25":0,"26":0,"27":0,"28":0,"29":0,"30":0,"31":0,"32":0,"33":0,"34":0,"35":0,"36":0,"37":0,"38":0,"39":0,"40":0,"41":0,"42":0,"43":0},"f":{"0":0,"1":0,"2":0,"3":0,"4":0,"5":0,"6":0,"7":0,"8":0,"9":0,"10":0,"11":0,"12":0,"13":0,"14":0,"15":0,"16":0},"b":{"0":[0,0],"1":[0,0],"2":[0,0],"3":[0,0],"4":[0,0,0,0,0],"5":[0,0],"6":[0,0],"7":[0,0],"8":[0,0],"9":[0,0],"10":[0,0],"11":[0,0]}},"/home/kolam/svn/log4420-A2019/TravauxPratiques/TP3/Corrige/services/yaml/team.js":{"path":"/home/kolam/svn/log4420-A2019/TravauxPratiques/TP3/Corrige/services/yaml/team.js","statementMap":{"0":{"start":{"line":17,"column":13},"end":{"line":17,"column":31}},"1":{"start":{"line":27,"column":23},"end":{"line":44,"column":1}},"2":{"start":{"line":27,"column":29},"end":{"line":44,"column":1}},"3":{"start":{"line":28,"column":2},"end":{"line":43,"column":4}},"4":{"start":{"line":29,"column":4},"end":{"line":42,"column":5}},"5":{"start":{"line":30,"column":6},"end":{"line":30,"column":25}},"6":{"start":{"line":32,"column":29},"end":{"line":32,"column":51}},"7":{"start":{"line":33,"column":19},"end":{"line":40,"column":10}},"8":{"start":{"line":35,"column":10},"end":{"line":39,"column":11}},"9":{"start":{"line":36,"column":12},"end":{"line":36,"column":93}},"10":{"start":{"line":38,"column":12},"end":{"line":38,"column":55}},"11":{"start":{"line":41,"column":6},"end":{"line":41,"column":26}},"12":{"start":{"line":46,"column":0},"end":{"line":50,"column":1}},"13":{"start":{"line":47,"column":2},"end":{"line":49,"column":3}}},"fnMap":{"0":{"name":"(anonymous_0)","decl":{"start":{"line":27,"column":23},"end":{"line":27,"column":24}},"loc":{"start":{"line":27,"column":29},"end":{"line":44,"column":1}},"line":27},"1":{"name":"(anonymous_1)","decl":{"start":{"line":27,"column":29},"end":{"line":27,"column":30}},"loc":{"start":{"line":27,"column":41},"end":{"line":44,"column":1}},"line":27},"2":{"name":"(anonymous_2)","decl":{"start":{"line":28,"column":41},"end":{"line":28,"column":42}},"loc":{"start":{"line":28,"column":59},"end":{"line":43,"column":3}},"line":28},"3":{"name":"(anonymous_3)","decl":{"start":{"line":34,"column":14},"end":{"line":34,"column":15}},"loc":{"start":{"line":34,"column":26},"end":{"line":40,"column":9}},"line":34},"4":{"name":"(anonymous_4)","decl":{"start":{"line":46,"column":17},"end":{"line":46,"column":18}},"loc":{"start":{"line":46,"column":23},"end":{"line":50,"column":1}},"line":46}},"branchMap":{"0":{"loc":{"start":{"line":29,"column":4},"end":{"line":42,"column":5}},"type":"if","locations":[{"start":{"line":29,"column":4},"end":{"line":42,"column":5}},{"start":{"line":29,"column":4},"end":{"line":42,"column":5}}],"line":29},"1":{"loc":{"start":{"line":33,"column":20},"end":{"line":33,"column":67}},"type":"cond-expr","locations":[{"start":{"line":33,"column":48},"end":{"line":33,"column":50}},{"start":{"line":33,"column":53},"end":{"line":33,"column":67}}],"line":33},"2":{"loc":{"start":{"line":35,"column":10},"end":{"line":39,"column":11}},"type":"if","locations":[{"start":{"line":35,"column":10},"end":{"line":39,"column":11}},{"start":{"line":35,"column":10},"end":{"line":39,"column":11}}],"line":35},"3":{"loc":{"start":{"line":36,"column":19},"end":{"line":36,"column":93}},"type":"cond-expr","locations":[{"start":{"line":36,"column":51},"end":{"line":36,"column":53}},{"start":{"line":36,"column":56},"end":{"line":36,"column":93}}],"line":36},"4":{"loc":{"start":{"line":36,"column":56},"end":{"line":36,"column":93}},"type":"cond-expr","locations":[{"start":{"line":36,"column":88},"end":{"line":36,"column":89}},{"start":{"line":36,"column":92},"end":{"line":36,"column":93}}],"line":36},"5":{"loc":{"start":{"line":38,"column":19},"end":{"line":38,"column":55}},"type":"cond-expr","locations":[{"start":{"line":38,"column":49},"end":{"line":38,"column":51}},{"start":{"line":38,"column":54},"end":{"line":38,"column":55}}],"line":38}},"s":{"0":0,"1":0,"2":0,"3":0,"4":0,"5":0,"6":0,"7":0,"8":0,"9":0,"10":0,"11":0,"12":0,"13":0},"f":{"0":0,"1":0,"2":0,"3":0,"4":0},"b":{"0":[0,0],"1":[0,0],"2":[0,0],"3":[0,0],"4":[0,0],"5":[0,0]}}}