<?xml version="1.0" encoding="UTF-8" ?>
<testsuites errors="0"
            failures="1"
            tests="1">

  <testsuite name="accueil"
    errors="0" failures="1" hostname="" id="" package="accueil" skipped="0"
    tests="1" time="5.978" timestamp="">
  
    <testcase name="Page d&#39;accueil" classname="accueil" time="5.978" assertions="6">

    

    

    

    

      <failure message="Expected element &lt;.dropdown-content a:nth-child(1)&gt; to have attribute &#34;class&#34; which contains: &#34;active&#34; - expected [0;32m&#34;contains &#39;active&#39;&#34;[0m but got: [0;31m&#34;&#34;[0m">    at Object.Page d&#39;accueil (/home/kolam/svn/log4420-A2019/TravauxPratiques/TP4/Corrige/tests/e2e/accueil.js:20:19)
    at process._tickCallback (internal/process/next_tick.js:68:7)</failure>

    <failure message="    at Object.Page d&#39;accueil (/home/kolam/svn/log4420-A2019/TravauxPratiques/TP4/Corrige/tests/e2e/accueil.js:20:19)">    at process._tickCallback (internal/process/next_tick.js:68:7)</failure>
    </testcase>
  

  
    <system-err>
      [0;31m  Error: Cannot find module &#39;chai&#39;[0m
[0;90m       at Function.Module._resolveFilename (internal/modules/cjs/loader.js:636:15)
       at Function.Module._load (internal/modules/cjs/loader.js:562:25)
       at Module.require (internal/modules/cjs/loader.js:690:17)
       at require (internal/modules/cjs/helpers.js:25:18)
       at Object.&lt;anonymous&gt; (/home/kolam/svn/log4420-A2019/TravauxPratiques/TP4/Corrige/tests/e2e/publications.js:4:20)
       at Module._compile (internal/modules/cjs/loader.js:776:30)
       at Object.Module._extensions..js (internal/modules/cjs/loader.js:787:10)
       at Module.load (internal/modules/cjs/loader.js:653:32)
       at tryModuleLoad (internal/modules/cjs/loader.js:593:12)
       at Function.Module._load (internal/modules/cjs/loader.js:585:3)[0m
    </system-err>
  

  
  </testsuite>
</testsuites>
