<?xml version="1.0" encoding="UTF-8" ?>
<testsuites errors="0"
            failures="1"
            tests="1">

  <testsuite name="projects"
    errors="0" failures="1" hostname="" id="" package="projects" skipped="0"
    tests="1" time="5.869" timestamp="">
  
    <testcase name="Page de projets" classname="projects" time="5.869" assertions="5">

    

    

    

      <failure message="Expected element &lt;main h1:nth-of-type(1)&gt; text to contain: &#34;Projets en cours&#34; - expected [0;32m&#34;contain &#39;Projets en cours&#39;&#34;[0m but got: [0;31m&#34;Current projects&#34;[0m">    at Object.Page de projets (/home/kolam/svn/log4420-A2019/TravauxPratiques/TP4/Corrige/tests/e2e/projects.js:22:19)
    at process._tickCallback (internal/process/next_tick.js:68:7)</failure>

    <failure message="    at Object.Page de projets (/home/kolam/svn/log4420-A2019/TravauxPratiques/TP4/Corrige/tests/e2e/projects.js:22:19)">    at process._tickCallback (internal/process/next_tick.js:68:7)</failure>
    </testcase>
  

  
    <system-err>
      [0;31m  Error: Cannot find module &#39;chai&#39;[0m
[0;90m       at Function.Module._resolveFilename (internal/modules/cjs/loader.js:636:15)
       at Function.Module._load (internal/modules/cjs/loader.js:562:25)
       at Module.require (internal/modules/cjs/loader.js:690:17)
       at require (internal/modules/cjs/helpers.js:25:18)
       at Object.&lt;anonymous&gt; (/home/kolam/svn/log4420-A2019/TravauxPratiques/TP4/Corrige/tests/e2e/publications.js:4:20)
       at Module._compile (internal/modules/cjs/loader.js:776:30)
       at Object.Module._extensions..js (internal/modules/cjs/loader.js:787:10)
       at Module.load (internal/modules/cjs/loader.js:653:32)
       at tryModuleLoad (internal/modules/cjs/loader.js:593:12)
       at Function.Module._load (internal/modules/cjs/loader.js:585:3)[0m
    </system-err>
  

  
  </testsuite>
</testsuites>
